Bool(Point { tx_id: 5670385767923189716, name: "/App/ied13/db905_visual_data_fast/Winch.ValveEV1", value: Bool(true), status: Ok, cot: Inf, timestamp: 2024-04-04T11:14:50.697720971Z })
Bool(Point { tx_id: 5670385767923189716, name: "/App/ied13/db905_visual_data_fast/Winch.ValveEV2", value: Bool(false), status: Ok, cot: Inf, timestamp: 2024-04-04T11:14:51.097889542Z })
Bool(Point { tx_id: 5670385767923189716, name: "/App/ied13/db905_visual_data_fast/Winch.LimitSwitchDown", value: Bool(false), status: Ok, cot: Inf, timestamp: 2024-04-04T11:14:51.498076951Z })
Bool(Point { tx_id: 5670385767923189716, name: "/App/ied13/db905_visual_data_fast/Winch.Hydromotor1Active", value: Bool(false), status: Ok, cot: Inf, timestamp: 2024-04-04T11:14:51.898254337Z })
Bool(Point { tx_id: 5670385767923189716, name: "/App/ied13/db905_visual_data_fast/Winch.Hydromotor2Active", value: Bool(true), status: Ok, cot: Inf, timestamp: 2024-04-04T11:14:52.298342058Z })
Int(Point { tx_id: 5670385767923189716, name: "/App/ied13/db905_visual_data_fast/Winch.EncoderBR1", value: 6, status: Ok, cot: Inf, timestamp: 2024-04-04T11:14:52.698507035Z })
Int(Point { tx_id: 5670385767923189716, name: "/App/ied13/db905_visual_data_fast/Winch.EncoderBR2", value: 0, status: Ok, cot: Inf, timestamp: 2024-04-04T11:14:53.098589187Z })
Real(Point { tx_id: 5670385767923189716, name: "/App/ied13/db905_visual_data_fast/Winch.LVDT1", value: 2.0, status: Ok, cot: Inf, timestamp: 2024-04-04T11:14:53.498742531Z })
Real(Point { tx_id: 5670385767923189716, name: "/App/ied13/db905_visual_data_fast/Winch.LVDT2", value: 5.0, status: Ok, cot: Inf, timestamp: 2024-04-04T11:14:53.898932154Z })
Bool(Point { tx_id: 5670385767923189716, name: "/App/ied13/db905_visual_data_fast/Winch.ValveEV1", value: Bool(false), status: Ok, cot: Inf, timestamp: 2024-04-04T11:14:54.299110740Z })
Bool(Point { tx_id: 5670385767923189716, name: "/App/ied13/db905_visual_data_fast/Winch.ValveEV2", value: Bool(true), status: Ok, cot: Inf, timestamp: 2024-04-04T11:14:54.699299939Z })
Bool(Point { tx_id: 5670385767923189716, name: "/App/ied13/db905_visual_data_fast/Winch.LimitSwitchDown", value: Bool(true), status: Ok, cot: Inf, timestamp: 2024-04-04T11:14:55.099478321Z })
Bool(Point { tx_id: 5670385767923189716, name: "/App/ied13/db905_visual_data_fast/Winch.Hydromotor1Active", value: Bool(false), status: Ok, cot: Inf, timestamp: 2024-04-04T11:14:55.499664886Z })
Bool(Point { tx_id: 5670385767923189716, name: "/App/ied13/db905_visual_data_fast/Winch.Hydromotor2Active", value: Bool(false), status: Ok, cot: Inf, timestamp: 2024-04-04T11:14:55.899824667Z })
Int(Point { tx_id: 5670385767923189716, name: "/App/ied13/db905_visual_data_fast/Winch.EncoderBR1", value: 4, status: Ok, cot: Inf, timestamp: 2024-04-04T11:14:56.300015372Z })
Int(Point { tx_id: 5670385767923189716, name: "/App/ied13/db905_visual_data_fast/Winch.EncoderBR2", value: 7, status: Ok, cot: Inf, timestamp: 2024-04-04T11:14:56.700162845Z })
Real(Point { tx_id: 5670385767923189716, name: "/App/ied13/db905_visual_data_fast/Winch.LVDT1", value: 1.0, status: Ok, cot: Inf, timestamp: 2024-04-04T11:14:57.100359061Z })
Real(Point { tx_id: 5670385767923189716, name: "/App/ied13/db905_visual_data_fast/Winch.LVDT2", value: 3.0, status: Ok, cot: Inf, timestamp: 2024-04-04T11:14:57.500525066Z })
Bool(Point { tx_id: 5670385767923189716, name: "/App/ied13/db905_visual_data_fast/Winch.ValveEV1", value: Bool(true), status: Ok, cot: Inf, timestamp: 2024-04-04T11:14:57.900587929Z })
Bool(Point { tx_id: 5670385767923189716, name: "/App/ied13/db905_visual_data_fast/Winch.ValveEV2", value: Bool(true), status: Ok, cot: Inf, timestamp: 2024-04-04T11:14:58.300655047Z })
Bool(Point { tx_id: 5670385767923189716, name: "/App/ied13/db905_visual_data_fast/Winch.LimitSwitchDown", value: Bool(false), status: Ok, cot: Inf, timestamp: 2024-04-04T11:14:58.700713976Z })
Bool(Point { tx_id: 5670385767923189716, name: "/App/ied13/db905_visual_data_fast/Winch.Hydromotor1Active", value: Bool(false), status: Ok, cot: Inf, timestamp: 2024-04-04T11:14:59.100782999Z })
Bool(Point { tx_id: 5670385767923189716, name: "/App/ied13/db905_visual_data_fast/Winch.Hydromotor2Active", value: Bool(true), status: Ok, cot: Inf, timestamp: 2024-04-04T11:14:59.500844702Z })
Int(Point { tx_id: 5670385767923189716, name: "/App/ied13/db905_visual_data_fast/Winch.EncoderBR1", value: 6, status: Ok, cot: Inf, timestamp: 2024-04-04T11:14:59.900908700Z })
Int(Point { tx_id: 5670385767923189716, name: "/App/ied13/db905_visual_data_fast/Winch.EncoderBR2", value: 1, status: Ok, cot: Inf, timestamp: 2024-04-04T11:15:00.300988110Z })
Real(Point { tx_id: 5670385767923189716, name: "/App/ied13/db905_visual_data_fast/Winch.LVDT1", value: 3.0, status: Ok, cot: Inf, timestamp: 2024-04-04T11:15:00.701057868Z })
Real(Point { tx_id: 5670385767923189716, name: "/App/ied13/db905_visual_data_fast/Winch.LVDT2", value: 1.0, status: Ok, cot: Inf, timestamp: 2024-04-04T11:15:01.101120475Z })
Bool(Point { tx_id: 5670385767923189716, name: "/App/ied13/db905_visual_data_fast/Winch.ValveEV1", value: Bool(false), status: Ok, cot: Inf, timestamp: 2024-04-04T11:15:01.501205658Z })
Bool(Point { tx_id: 5670385767923189716, name: "/App/ied13/db905_visual_data_fast/Winch.ValveEV2", value: Bool(false), status: Ok, cot: Inf, timestamp: 2024-04-04T11:15:01.901290259Z })
Bool(Point { tx_id: 5670385767923189716, name: "/App/ied13/db905_visual_data_fast/Winch.LimitSwitchDown", value: Bool(false), status: Ok, cot: Inf, timestamp: 2024-04-04T11:15:02.301367559Z })
Bool(Point { tx_id: 5670385767923189716, name: "/App/ied13/db905_visual_data_fast/Winch.Hydromotor1Active", value: Bool(false), status: Ok, cot: Inf, timestamp: 2024-04-04T11:15:02.701425737Z })
Bool(Point { tx_id: 5670385767923189716, name: "/App/ied13/db905_visual_data_fast/Winch.Hydromotor2Active", value: Bool(false), status: Ok, cot: Inf, timestamp: 2024-04-04T11:15:03.101503568Z })
Int(Point { tx_id: 5670385767923189716, name: "/App/ied13/db905_visual_data_fast/Winch.EncoderBR1", value: 2, status: Ok, cot: Inf, timestamp: 2024-04-04T11:15:03.501591732Z })
Int(Point { tx_id: 5670385767923189716, name: "/App/ied13/db905_visual_data_fast/Winch.EncoderBR2", value: 2, status: Ok, cot: Inf, timestamp: 2024-04-04T11:15:03.901653280Z })
Real(Point { tx_id: 5670385767923189716, name: "/App/ied13/db905_visual_data_fast/Winch.LVDT1", value: 2.0, status: Ok, cot: Inf, timestamp: 2024-04-04T11:15:04.301732886Z })
Real(Point { tx_id: 5670385767923189716, name: "/App/ied13/db905_visual_data_fast/Winch.LVDT2", value: 3.0, status: Ok, cot: Inf, timestamp: 2024-04-04T11:15:04.701796974Z })
Bool(Point { tx_id: 5670385767923189716, name: "/App/ied13/db905_visual_data_fast/Winch.ValveEV1", value: Bool(true), status: Ok, cot: Inf, timestamp: 2024-04-04T11:15:05.101862444Z })
Bool(Point { tx_id: 5670385767923189716, name: "/App/ied13/db905_visual_data_fast/Winch.ValveEV2", value: Bool(false), status: Ok, cot: Inf, timestamp: 2024-04-04T11:15:05.501929334Z })
Bool(Point { tx_id: 5670385767923189716, name: "/App/ied13/db905_visual_data_fast/Winch.LimitSwitchDown", value: Bool(false), status: Ok, cot: Inf, timestamp: 2024-04-04T11:15:05.901994850Z })
Bool(Point { tx_id: 5670385767923189716, name: "/App/ied13/db905_visual_data_fast/Winch.Hydromotor1Active", value: Bool(false), status: Ok, cot: Inf, timestamp: 2024-04-04T11:15:06.302062321Z })
Bool(Point { tx_id: 5670385767923189716, name: "/App/ied13/db905_visual_data_fast/Winch.Hydromotor2Active", value: Bool(true), status: Ok, cot: Inf, timestamp: 2024-04-04T11:15:06.702132803Z })
Int(Point { tx_id: 5670385767923189716, name: "/App/ied13/db905_visual_data_fast/Winch.EncoderBR1", value: 5, status: Ok, cot: Inf, timestamp: 2024-04-04T11:15:07.102205631Z })
Int(Point { tx_id: 5670385767923189716, name: "/App/ied13/db905_visual_data_fast/Winch.EncoderBR2", value: 9, status: Ok, cot: Inf, timestamp: 2024-04-04T11:15:07.502270291Z })
Real(Point { tx_id: 5670385767923189716, name: "/App/ied13/db905_visual_data_fast/Winch.LVDT1", value: 0.0, status: Ok, cot: Inf, timestamp: 2024-04-04T11:15:07.902356368Z })
Real(Point { tx_id: 5670385767923189716, name: "/App/ied13/db905_visual_data_fast/Winch.LVDT2", value: 3.0, status: Ok, cot: Inf, timestamp: 2024-04-04T11:15:08.302451349Z })
Bool(Point { tx_id: 5670385767923189716, name: "/App/ied13/db905_visual_data_fast/Winch.ValveEV1", value: Bool(true), status: Ok, cot: Inf, timestamp: 2024-04-04T11:15:08.702540732Z })
Bool(Point { tx_id: 5670385767923189716, name: "/App/ied13/db905_visual_data_fast/Winch.ValveEV2", value: Bool(false), status: Ok, cot: Inf, timestamp: 2024-04-04T11:15:09.102716825Z })
Bool(Point { tx_id: 5670385767923189716, name: "/App/ied13/db905_visual_data_fast/Winch.LimitSwitchDown", value: Bool(true), status: Ok, cot: Inf, timestamp: 2024-04-04T11:15:09.502892958Z })
Bool(Point { tx_id: 5670385767923189716, name: "/App/ied13/db905_visual_data_fast/Winch.Hydromotor1Active", value: Bool(true), status: Ok, cot: Inf, timestamp: 2024-04-04T11:15:09.903085496Z })
Bool(Point { tx_id: 5670385767923189716, name: "/App/ied13/db905_visual_data_fast/Winch.Hydromotor2Active", value: Bool(true), status: Ok, cot: Inf, timestamp: 2024-04-04T11:15:10.303228836Z })
Int(Point { tx_id: 5670385767923189716, name: "/App/ied13/db905_visual_data_fast/Winch.EncoderBR1", value: 4, status: Ok, cot: Inf, timestamp: 2024-04-04T11:15:10.703290089Z })
Int(Point { tx_id: 5670385767923189716, name: "/App/ied13/db905_visual_data_fast/Winch.EncoderBR2", value: 6, status: Ok, cot: Inf, timestamp: 2024-04-04T11:15:11.103473312Z })
Real(Point { tx_id: 5670385767923189716, name: "/App/ied13/db905_visual_data_fast/Winch.LVDT1", value: 3.0, status: Ok, cot: Inf, timestamp: 2024-04-04T11:15:11.503649786Z })
Real(Point { tx_id: 5670385767923189716, name: "/App/ied13/db905_visual_data_fast/Winch.LVDT2", value: 3.0, status: Ok, cot: Inf, timestamp: 2024-04-04T11:15:11.903713908Z })
Bool(Point { tx_id: 5670385767923189716, name: "/App/ied13/db905_visual_data_fast/Winch.ValveEV1", value: Bool(false), status: Ok, cot: Inf, timestamp: 2024-04-04T11:15:12.303775073Z })
Bool(Point { tx_id: 5670385767923189716, name: "/App/ied13/db905_visual_data_fast/Winch.ValveEV2", value: Bool(true), status: Ok, cot: Inf, timestamp: 2024-04-04T11:15:12.703841070Z })
Bool(Point { tx_id: 5670385767923189716, name: "/App/ied13/db905_visual_data_fast/Winch.LimitSwitchDown", value: Bool(true), status: Ok, cot: Inf, timestamp: 2024-04-04T11:15:13.103909757Z })
Bool(Point { tx_id: 5670385767923189716, name: "/App/ied13/db905_visual_data_fast/Winch.Hydromotor1Active", value: Bool(false), status: Ok, cot: Inf, timestamp: 2024-04-04T11:15:13.504041996Z })
Bool(Point { tx_id: 5670385767923189716, name: "/App/ied13/db905_visual_data_fast/Winch.Hydromotor2Active", value: Bool(true), status: Ok, cot: Inf, timestamp: 2024-04-04T11:15:13.904230504Z })
Int(Point { tx_id: 5670385767923189716, name: "/App/ied13/db905_visual_data_fast/Winch.EncoderBR1", value: 1, status: Ok, cot: Inf, timestamp: 2024-04-04T11:15:14.304416393Z })
Int(Point { tx_id: 5670385767923189716, name: "/App/ied13/db905_visual_data_fast/Winch.EncoderBR2", value: 0, status: Ok, cot: Inf, timestamp: 2024-04-04T11:15:14.704596205Z })
Real(Point { tx_id: 5670385767923189716, name: "/App/ied13/db905_visual_data_fast/Winch.LVDT1", value: 3.0, status: Ok, cot: Inf, timestamp: 2024-04-04T11:15:15.104703780Z })
Real(Point { tx_id: 5670385767923189716, name: "/App/ied13/db905_visual_data_fast/Winch.LVDT2", value: 1.0, status: Ok, cot: Inf, timestamp: 2024-04-04T11:15:15.504793974Z })
Bool(Point { tx_id: 5670385767923189716, name: "/App/ied13/db905_visual_data_fast/Winch.ValveEV1", value: Bool(false), status: Ok, cot: Inf, timestamp: 2024-04-04T11:15:15.904853573Z })
Bool(Point { tx_id: 5670385767923189716, name: "/App/ied13/db905_visual_data_fast/Winch.ValveEV2", value: Bool(true), status: Ok, cot: Inf, timestamp: 2024-04-04T11:15:16.304912241Z })
Bool(Point { tx_id: 5670385767923189716, name: "/App/ied13/db905_visual_data_fast/Winch.LimitSwitchDown", value: Bool(true), status: Ok, cot: Inf, timestamp: 2024-04-04T11:15:16.704970630Z })
Bool(Point { tx_id: 5670385767923189716, name: "/App/ied13/db905_visual_data_fast/Winch.Hydromotor1Active", value: Bool(false), status: Ok, cot: Inf, timestamp: 2024-04-04T11:15:17.105132757Z })
Bool(Point { tx_id: 5670385767923189716, name: "/App/ied13/db905_visual_data_fast/Winch.Hydromotor2Active", value: Bool(false), status: Ok, cot: Inf, timestamp: 2024-04-04T11:15:17.505211745Z })
Int(Point { tx_id: 5670385767923189716, name: "/App/ied13/db905_visual_data_fast/Winch.EncoderBR1", value: 9, status: Ok, cot: Inf, timestamp: 2024-04-04T11:15:17.905292839Z })
Int(Point { tx_id: 5670385767923189716, name: "/App/ied13/db905_visual_data_fast/Winch.EncoderBR2", value: 2, status: Ok, cot: Inf, timestamp: 2024-04-04T11:15:18.305373577Z })
Real(Point { tx_id: 5670385767923189716, name: "/App/ied13/db905_visual_data_fast/Winch.LVDT1", value: 4.0, status: Ok, cot: Inf, timestamp: 2024-04-04T11:15:18.705430429Z })
Real(Point { tx_id: 5670385767923189716, name: "/App/ied13/db905_visual_data_fast/Winch.LVDT2", value: 1.0, status: Ok, cot: Inf, timestamp: 2024-04-04T11:15:19.105496176Z })
Bool(Point { tx_id: 5670385767923189716, name: "/App/ied13/db905_visual_data_fast/Winch.ValveEV1", value: Bool(true), status: Ok, cot: Inf, timestamp: 2024-04-04T11:15:19.505580942Z })
Bool(Point { tx_id: 5670385767923189716, name: "/App/ied13/db905_visual_data_fast/Winch.ValveEV2", value: Bool(true), status: Ok, cot: Inf, timestamp: 2024-04-04T11:15:19.905743261Z })
Bool(Point { tx_id: 5670385767923189716, name: "/App/ied13/db905_visual_data_fast/Winch.LimitSwitchDown", value: Bool(false), status: Ok, cot: Inf, timestamp: 2024-04-04T11:15:20.305823567Z })
Bool(Point { tx_id: 5670385767923189716, name: "/App/ied13/db905_visual_data_fast/Winch.Hydromotor1Active", value: Bool(true), status: Ok, cot: Inf, timestamp: 2024-04-04T11:15:20.706004207Z })
Bool(Point { tx_id: 5670385767923189716, name: "/App/ied13/db905_visual_data_fast/Winch.Hydromotor2Active", value: Bool(false), status: Ok, cot: Inf, timestamp: 2024-04-04T11:15:21.106184795Z })
Int(Point { tx_id: 5670385767923189716, name: "/App/ied13/db905_visual_data_fast/Winch.EncoderBR1", value: 6, status: Ok, cot: Inf, timestamp: 2024-04-04T11:15:21.506248888Z })
Int(Point { tx_id: 5670385767923189716, name: "/App/ied13/db905_visual_data_fast/Winch.EncoderBR2", value: 0, status: Ok, cot: Inf, timestamp: 2024-04-04T11:15:21.906328019Z })
Real(Point { tx_id: 5670385767923189716, name: "/App/ied13/db905_visual_data_fast/Winch.LVDT1", value: 2.0, status: Ok, cot: Inf, timestamp: 2024-04-04T11:15:22.306387654Z })
Real(Point { tx_id: 5670385767923189716, name: "/App/ied13/db905_visual_data_fast/Winch.LVDT2", value: 3.0, status: Ok, cot: Inf, timestamp: 2024-04-04T11:15:22.706474428Z })
Bool(Point { tx_id: 5670385767923189716, name: "/App/ied13/db905_visual_data_fast/Winch.ValveEV1", value: Bool(true), status: Ok, cot: Inf, timestamp: 2024-04-04T11:15:23.106570461Z })
Bool(Point { tx_id: 5670385767923189716, name: "/App/ied13/db905_visual_data_fast/Winch.ValveEV2", value: Bool(false), status: Ok, cot: Inf, timestamp: 2024-04-04T11:15:23.506652195Z })
Bool(Point { tx_id: 5670385767923189716, name: "/App/ied13/db905_visual_data_fast/Winch.LimitSwitchDown", value: Bool(true), status: Ok, cot: Inf, timestamp: 2024-04-04T11:15:23.906732029Z })
Bool(Point { tx_id: 5670385767923189716, name: "/App/ied13/db905_visual_data_fast/Winch.Hydromotor1Active", value: Bool(false), status: Ok, cot: Inf, timestamp: 2024-04-04T11:15:24.306830917Z })
Bool(Point { tx_id: 5670385767923189716, name: "/App/ied13/db905_visual_data_fast/Winch.Hydromotor2Active", value: Bool(false), status: Ok, cot: Inf, timestamp: 2024-04-04T11:15:24.706927056Z })
Int(Point { tx_id: 5670385767923189716, name: "/App/ied13/db905_visual_data_fast/Winch.EncoderBR1", value: 9, status: Ok, cot: Inf, timestamp: 2024-04-04T11:15:25.107014416Z })
Int(Point { tx_id: 5670385767923189716, name: "/App/ied13/db905_visual_data_fast/Winch.EncoderBR2", value: 8, status: Ok, cot: Inf, timestamp: 2024-04-04T11:15:25.507078595Z })
Real(Point { tx_id: 5670385767923189716, name: "/App/ied13/db905_visual_data_fast/Winch.LVDT1", value: 3.0, status: Ok, cot: Inf, timestamp: 2024-04-04T11:15:25.907148185Z })
Real(Point { tx_id: 5670385767923189716, name: "/App/ied13/db905_visual_data_fast/Winch.LVDT2", value: 5.0, status: Ok, cot: Inf, timestamp: 2024-04-04T11:15:26.307215063Z })
Bool(Point { tx_id: 5670385767923189716, name: "/App/ied13/db905_visual_data_fast/Winch.ValveEV1", value: Bool(false), status: Ok, cot: Inf, timestamp: 2024-04-04T11:15:26.707404449Z })
Bool(Point { tx_id: 5670385767923189716, name: "/App/ied13/db905_visual_data_fast/Winch.ValveEV2", value: Bool(false), status: Ok, cot: Inf, timestamp: 2024-04-04T11:15:27.107496564Z })
Bool(Point { tx_id: 5670385767923189716, name: "/App/ied13/db905_visual_data_fast/Winch.LimitSwitchDown", value: Bool(false), status: Ok, cot: Inf, timestamp: 2024-04-04T11:15:27.507585813Z })
Bool(Point { tx_id: 5670385767923189716, name: "/App/ied13/db905_visual_data_fast/Winch.Hydromotor1Active", value: Bool(false), status: Ok, cot: Inf, timestamp: 2024-04-04T11:15:27.907646695Z })
Bool(Point { tx_id: 5670385767923189716, name: "/App/ied13/db905_visual_data_fast/Winch.Hydromotor2Active", value: Bool(false), status: Ok, cot: Inf, timestamp: 2024-04-04T11:15:28.307835325Z })
Int(Point { tx_id: 5670385767923189716, name: "/App/ied13/db905_visual_data_fast/Winch.EncoderBR1", value: 1, status: Ok, cot: Inf, timestamp: 2024-04-04T11:15:28.707908817Z })
Int(Point { tx_id: 5670385767923189716, name: "/App/ied13/db905_visual_data_fast/Winch.EncoderBR2", value: 1, status: Ok, cot: Inf, timestamp: 2024-04-04T11:15:29.107971870Z })
Real(Point { tx_id: 5670385767923189716, name: "/App/ied13/db905_visual_data_fast/Winch.LVDT1", value: 1.0, status: Ok, cot: Inf, timestamp: 2024-04-04T11:15:29.508033036Z })
Real(Point { tx_id: 5670385767923189716, name: "/App/ied13/db905_visual_data_fast/Winch.LVDT2", value: 2.0, status: Ok, cot: Inf, timestamp: 2024-04-04T11:15:29.908202114Z })
Bool(Point { tx_id: 5670385767923189716, name: "/App/ied13/db905_visual_data_fast/Winch.ValveEV1", value: Bool(true), status: Ok, cot: Inf, timestamp: 2024-04-04T11:15:30.308263093Z })
Bool(Point { tx_id: 5670385767923189716, name: "/App/ied13/db905_visual_data_fast/Winch.ValveEV2", value: Bool(false), status: Ok, cot: Inf, timestamp: 2024-04-04T11:15:30.708443794Z })
Bool(Point { tx_id: 5670385767923189716, name: "/App/ied13/db905_visual_data_fast/Winch.LimitSwitchDown", value: Bool(false), status: Ok, cot: Inf, timestamp: 2024-04-04T11:15:31.108620149Z })
Bool(Point { tx_id: 5670385767923189716, name: "/App/ied13/db905_visual_data_fast/Winch.Hydromotor1Active", value: Bool(false), status: Ok, cot: Inf, timestamp: 2024-04-04T11:15:31.508666668Z })
Bool(Point { tx_id: 5670385767923189716, name: "/App/ied13/db905_visual_data_fast/Winch.Hydromotor2Active", value: Bool(true), status: Ok, cot: Inf, timestamp: 2024-04-04T11:15:31.908727441Z })
Int(Point { tx_id: 5670385767923189716, name: "/App/ied13/db905_visual_data_fast/Winch.EncoderBR1", value: 6, status: Ok, cot: Inf, timestamp: 2024-04-04T11:15:32.308868165Z })
Int(Point { tx_id: 5670385767923189716, name: "/App/ied13/db905_visual_data_fast/Winch.EncoderBR2", value: 1, status: Ok, cot: Inf, timestamp: 2024-04-04T11:15:32.708931367Z })
Real(Point { tx_id: 5670385767923189716, name: "/App/ied13/db905_visual_data_fast/Winch.LVDT1", value: 4.0, status: Ok, cot: Inf, timestamp: 2024-04-04T11:15:33.108988847Z })
Real(Point { tx_id: 5670385767923189716, name: "/App/ied13/db905_visual_data_fast/Winch.LVDT2", value: 5.0, status: Ok, cot: Inf, timestamp: 2024-04-04T11:15:33.509051473Z })
Bool(Point { tx_id: 5670385767923189716, name: "/App/ied13/db905_visual_data_fast/Winch.ValveEV1", value: Bool(false), status: Ok, cot: Inf, timestamp: 2024-04-04T11:15:33.909133388Z })
Bool(Point { tx_id: 5670385767923189716, name: "/App/ied13/db905_visual_data_fast/Winch.ValveEV2", value: Bool(true), status: Ok, cot: Inf, timestamp: 2024-04-04T11:15:34.309209606Z })
Bool(Point { tx_id: 5670385767923189716, name: "/App/ied13/db905_visual_data_fast/Winch.LimitSwitchDown", value: Bool(true), status: Ok, cot: Inf, timestamp: 2024-04-04T11:15:34.709290824Z })
Bool(Point { tx_id: 5670385767923189716, name: "/App/ied13/db905_visual_data_fast/Winch.Hydromotor1Active", value: Bool(false), status: Ok, cot: Inf, timestamp: 2024-04-04T11:15:35.109375671Z })
Bool(Point { tx_id: 5670385767923189716, name: "/App/ied13/db905_visual_data_fast/Winch.Hydromotor2Active", value: Bool(true), status: Ok, cot: Inf, timestamp: 2024-04-04T11:15:35.509472430Z })
Int(Point { tx_id: 5670385767923189716, name: "/App/ied13/db905_visual_data_fast/Winch.EncoderBR1", value: 1, status: Ok, cot: Inf, timestamp: 2024-04-04T11:15:35.909555995Z })
Int(Point { tx_id: 5670385767923189716, name: "/App/ied13/db905_visual_data_fast/Winch.EncoderBR2", value: 6, status: Ok, cot: Inf, timestamp: 2024-04-04T11:15:36.309714721Z })
Real(Point { tx_id: 5670385767923189716, name: "/App/ied13/db905_visual_data_fast/Winch.LVDT1", value: 2.0, status: Ok, cot: Inf, timestamp: 2024-04-04T11:15:36.709878656Z })
Real(Point { tx_id: 5670385767923189716, name: "/App/ied13/db905_visual_data_fast/Winch.LVDT2", value: 1.0, status: Ok, cot: Inf, timestamp: 2024-04-04T11:15:37.109977912Z })
Bool(Point { tx_id: 5670385767923189716, name: "/App/ied13/db905_visual_data_fast/Winch.ValveEV1", value: Bool(true), status: Ok, cot: Inf, timestamp: 2024-04-04T11:15:37.510126087Z })
Bool(Point { tx_id: 5670385767923189716, name: "/App/ied13/db905_visual_data_fast/Winch.ValveEV2", value: Bool(false), status: Ok, cot: Inf, timestamp: 2024-04-04T11:15:37.910304139Z })
Bool(Point { tx_id: 5670385767923189716, name: "/App/ied13/db905_visual_data_fast/Winch.LimitSwitchDown", value: Bool(false), status: Ok, cot: Inf, timestamp: 2024-04-04T11:15:38.310488675Z })
Bool(Point { tx_id: 5670385767923189716, name: "/App/ied13/db905_visual_data_fast/Winch.Hydromotor1Active", value: Bool(true), status: Ok, cot: Inf, timestamp: 2024-04-04T11:15:38.710671006Z })
Bool(Point { tx_id: 5670385767923189716, name: "/App/ied13/db905_visual_data_fast/Winch.Hydromotor2Active", value: Bool(true), status: Ok, cot: Inf, timestamp: 2024-04-04T11:15:39.110764125Z })
Int(Point { tx_id: 5670385767923189716, name: "/App/ied13/db905_visual_data_fast/Winch.EncoderBR1", value: 9, status: Ok, cot: Inf, timestamp: 2024-04-04T11:15:39.510829353Z })
Int(Point { tx_id: 5670385767923189716, name: "/App/ied13/db905_visual_data_fast/Winch.EncoderBR2", value: 6, status: Ok, cot: Inf, timestamp: 2024-04-04T11:15:39.910891442Z })
Real(Point { tx_id: 5670385767923189716, name: "/App/ied13/db905_visual_data_fast/Winch.LVDT1", value: 2.0, status: Ok, cot: Inf, timestamp: 2024-04-04T11:15:40.311079637Z })
Real(Point { tx_id: 5670385767923189716, name: "/App/ied13/db905_visual_data_fast/Winch.LVDT2", value: 1.0, status: Ok, cot: Inf, timestamp: 2024-04-04T11:15:40.711259400Z })
Bool(Point { tx_id: 5670385767923189716, name: "/App/ied13/db905_visual_data_fast/Winch.ValveEV1", value: Bool(true), status: Ok, cot: Inf, timestamp: 2024-04-04T11:15:41.111426677Z })
Bool(Point { tx_id: 5670385767923189716, name: "/App/ied13/db905_visual_data_fast/Winch.ValveEV2", value: Bool(true), status: Ok, cot: Inf, timestamp: 2024-04-04T11:15:41.511526548Z })
Bool(Point { tx_id: 5670385767923189716, name: "/App/ied13/db905_visual_data_fast/Winch.LimitSwitchDown", value: Bool(false), status: Ok, cot: Inf, timestamp: 2024-04-04T11:15:41.911713113Z })
Bool(Point { tx_id: 5670385767923189716, name: "/App/ied13/db905_visual_data_fast/Winch.Hydromotor1Active", value: Bool(true), status: Ok, cot: Inf, timestamp: 2024-04-04T11:15:42.311901893Z })
Bool(Point { tx_id: 5670385767923189716, name: "/App/ied13/db905_visual_data_fast/Winch.Hydromotor2Active", value: Bool(true), status: Ok, cot: Inf, timestamp: 2024-04-04T11:15:42.712077324Z })
Int(Point { tx_id: 5670385767923189716, name: "/App/ied13/db905_visual_data_fast/Winch.EncoderBR1", value: 5, status: Ok, cot: Inf, timestamp: 2024-04-04T11:15:43.112173223Z })
Int(Point { tx_id: 5670385767923189716, name: "/App/ied13/db905_visual_data_fast/Winch.EncoderBR2", value: 8, status: Ok, cot: Inf, timestamp: 2024-04-04T11:15:43.512356481Z })
Real(Point { tx_id: 5670385767923189716, name: "/App/ied13/db905_visual_data_fast/Winch.LVDT1", value: 1.0, status: Ok, cot: Inf, timestamp: 2024-04-04T11:15:43.912554637Z })
Real(Point { tx_id: 5670385767923189716, name: "/App/ied13/db905_visual_data_fast/Winch.LVDT2", value: 2.0, status: Ok, cot: Inf, timestamp: 2024-04-04T11:15:44.312712630Z })
Bool(Point { tx_id: 5670385767923189716, name: "/App/ied13/db905_visual_data_fast/Winch.ValveEV1", value: Bool(false), status: Ok, cot: Inf, timestamp: 2024-04-04T11:15:44.712840123Z })
Bool(Point { tx_id: 5670385767923189716, name: "/App/ied13/db905_visual_data_fast/Winch.ValveEV2", value: Bool(true), status: Ok, cot: Inf, timestamp: 2024-04-04T11:15:45.113017871Z })
Bool(Point { tx_id: 5670385767923189716, name: "/App/ied13/db905_visual_data_fast/Winch.LimitSwitchDown", value: Bool(false), status: Ok, cot: Inf, timestamp: 2024-04-04T11:15:45.513083114Z })
Bool(Point { tx_id: 5670385767923189716, name: "/App/ied13/db905_visual_data_fast/Winch.Hydromotor1Active", value: Bool(true), status: Ok, cot: Inf, timestamp: 2024-04-04T11:15:45.913168545Z })
Bool(Point { tx_id: 5670385767923189716, name: "/App/ied13/db905_visual_data_fast/Winch.Hydromotor2Active", value: Bool(false), status: Ok, cot: Inf, timestamp: 2024-04-04T11:15:46.313261345Z })
Int(Point { tx_id: 5670385767923189716, name: "/App/ied13/db905_visual_data_fast/Winch.EncoderBR1", value: 5, status: Ok, cot: Inf, timestamp: 2024-04-04T11:15:46.713352482Z })
Int(Point { tx_id: 5670385767923189716, name: "/App/ied13/db905_visual_data_fast/Winch.EncoderBR2", value: 8, status: Ok, cot: Inf, timestamp: 2024-04-04T11:15:47.113457845Z })
Real(Point { tx_id: 5670385767923189716, name: "/App/ied13/db905_visual_data_fast/Winch.LVDT1", value: 0.0, status: Ok, cot: Inf, timestamp: 2024-04-04T11:15:47.513520376Z })
Real(Point { tx_id: 5670385767923189716, name: "/App/ied13/db905_visual_data_fast/Winch.LVDT2", value: 4.0, status: Ok, cot: Inf, timestamp: 2024-04-04T11:15:47.913586044Z })
Bool(Point { tx_id: 5670385767923189716, name: "/App/ied13/db905_visual_data_fast/Winch.ValveEV1", value: Bool(true), status: Ok, cot: Inf, timestamp: 2024-04-04T11:15:48.313650104Z })
Bool(Point { tx_id: 5670385767923189716, name: "/App/ied13/db905_visual_data_fast/Winch.ValveEV2", value: Bool(true), status: Ok, cot: Inf, timestamp: 2024-04-04T11:15:48.713709990Z })
Bool(Point { tx_id: 5670385767923189716, name: "/App/ied13/db905_visual_data_fast/Winch.LimitSwitchDown", value: Bool(false), status: Ok, cot: Inf, timestamp: 2024-04-04T11:15:49.113878357Z })
Bool(Point { tx_id: 5670385767923189716, name: "/App/ied13/db905_visual_data_fast/Winch.Hydromotor1Active", value: Bool(false), status: Ok, cot: Inf, timestamp: 2024-04-04T11:15:49.514044655Z })
Bool(Point { tx_id: 5670385767923189716, name: "/App/ied13/db905_visual_data_fast/Winch.Hydromotor2Active", value: Bool(true), status: Ok, cot: Inf, timestamp: 2024-04-04T11:15:49.914108653Z })
Int(Point { tx_id: 5670385767923189716, name: "/App/ied13/db905_visual_data_fast/Winch.EncoderBR1", value: 1, status: Ok, cot: Inf, timestamp: 2024-04-04T11:15:50.314218410Z })
Int(Point { tx_id: 5670385767923189716, name: "/App/ied13/db905_visual_data_fast/Winch.EncoderBR2", value: 8, status: Ok, cot: Inf, timestamp: 2024-04-04T11:15:50.714377726Z })
Real(Point { tx_id: 5670385767923189716, name: "/App/ied13/db905_visual_data_fast/Winch.LVDT1", value: 5.0, status: Ok, cot: Inf, timestamp: 2024-04-04T11:15:51.114463213Z })
Real(Point { tx_id: 5670385767923189716, name: "/App/ied13/db905_visual_data_fast/Winch.LVDT2", value: 2.0, status: Ok, cot: Inf, timestamp: 2024-04-04T11:15:51.514569452Z })
Bool(Point { tx_id: 5670385767923189716, name: "/App/ied13/db905_visual_data_fast/Winch.ValveEV1", value: Bool(true), status: Ok, cot: Inf, timestamp: 2024-04-04T11:15:51.914717487Z })
Bool(Point { tx_id: 5670385767923189716, name: "/App/ied13/db905_visual_data_fast/Winch.ValveEV2", value: Bool(false), status: Ok, cot: Inf, timestamp: 2024-04-04T11:15:52.314795502Z })
Bool(Point { tx_id: 5670385767923189716, name: "/App/ied13/db905_visual_data_fast/Winch.LimitSwitchDown", value: Bool(false), status: Ok, cot: Inf, timestamp: 2024-04-04T11:15:52.714860327Z })
