Int(Point { tx_id: 13021356421321819167, name: "/App/ied14/db906_visual_data/CraneMovement.RotateLeft", value: 6, status: Ok, cot: Inf, timestamp: 2024-04-04T11:14:50.748094644Z })
Int(Point { tx_id: 13021356421321819167, name: "/App/ied14/db906_visual_data/CraneMovement.RotateRight", value: 0, status: Ok, cot: Inf, timestamp: 2024-04-04T11:14:51.148174244Z })
Int(Point { tx_id: 13021356421321819167, name: "/App/ied14/db906_visual_data/CraneMovement.OutreachFwd", value: 9, status: Ok, cot: Inf, timestamp: 2024-04-04T11:14:51.548338930Z })
Int(Point { tx_id: 13021356421321819167, name: "/App/ied14/db906_visual_data/CraneMovement.OutreachRev", value: 2, status: Ok, cot: Inf, timestamp: 2024-04-04T11:14:51.948497857Z })
Int(Point { tx_id: 13021356421321819167, name: "/App/ied14/db906_visual_data/CraneMovement.JibUp", value: 9, status: Ok, cot: Inf, timestamp: 2024-04-04T11:14:52.348669279Z })
Int(Point { tx_id: 13021356421321819167, name: "/App/ied14/db906_visual_data/CraneMovement.JibDown", value: 1, status: Ok, cot: Inf, timestamp: 2024-04-04T11:14:52.748767603Z })
Int(Point { tx_id: 13021356421321819167, name: "/App/ied14/db906_visual_data/CraneMovement.BoomUp", value: 2, status: Ok, cot: Inf, timestamp: 2024-04-04T11:14:53.148827827Z })
Int(Point { tx_id: 13021356421321819167, name: "/App/ied14/db906_visual_data/CraneMovement.BoomDown", value: 0, status: Ok, cot: Inf, timestamp: 2024-04-04T11:14:53.548889971Z })
Int(Point { tx_id: 13021356421321819167, name: "/App/ied14/db906_visual_data/CraneMovement.WinchUp", value: 7, status: Ok, cot: Inf, timestamp: 2024-04-04T11:14:53.948948866Z })
Int(Point { tx_id: 13021356421321819167, name: "/App/ied14/db906_visual_data/CraneMovement.WinchDown", value: 2, status: Ok, cot: Inf, timestamp: 2024-04-04T11:14:54.349055371Z })
Int(Point { tx_id: 13021356421321819167, name: "/App/ied14/db906_visual_data/CraneMode.MainMode", value: 3, status: Ok, cot: Inf, timestamp: 2024-04-04T11:14:54.749149657Z })
Int(Point { tx_id: 13021356421321819167, name: "/App/ied14/db906_visual_data/CraneMode.ActiveWinch", value: 0, status: Ok, cot: Inf, timestamp: 2024-04-04T11:14:55.149242385Z })
Int(Point { tx_id: 13021356421321819167, name: "/App/ied14/db906_visual_data/CraneMode.Winch1Mode", value: 7, status: Ok, cot: Inf, timestamp: 2024-04-04T11:14:55.549340006Z })
Int(Point { tx_id: 13021356421321819167, name: "/App/ied14/db906_visual_data/CraneMode.WaveHeightLevel", value: 9, status: Ok, cot: Inf, timestamp: 2024-04-04T11:14:55.949507155Z })
Bool(Point { tx_id: 13021356421321819167, name: "/App/ied14/db906_visual_data/CraneMode.CraneOffshore", value: Bool(true), status: Ok, cot: Inf, timestamp: 2024-04-04T11:14:56.349648138Z })
Bool(Point { tx_id: 13021356421321819167, name: "/App/ied14/db906_visual_data/CraneMode.ParkingModeActive", value: Bool(true), status: Ok, cot: Inf, timestamp: 2024-04-04T11:14:56.749737754Z })
Int(Point { tx_id: 13021356421321819167, name: "/App/ied14/db906_visual_data/CraneMode.MOPS", value: 2, status: Ok, cot: Inf, timestamp: 2024-04-04T11:14:57.149798301Z })
Int(Point { tx_id: 13021356421321819167, name: "/App/ied14/db906_visual_data/CraneMode.AOPS", value: 1, status: Ok, cot: Inf, timestamp: 2024-04-04T11:14:57.549956458Z })
Int(Point { tx_id: 13021356421321819167, name: "/App/ied14/db906_visual_data/CraneMode.AHC", value: 0, status: Ok, cot: Inf, timestamp: 2024-04-04T11:14:57.950155819Z })
Int(Point { tx_id: 13021356421321819167, name: "/App/ied14/db906_visual_data/CraneMode.WinchBrake", value: 5, status: Ok, cot: Inf, timestamp: 2024-04-04T11:14:58.350222186Z })
Bool(Point { tx_id: 13021356421321819167, name: "/App/ied14/db906_visual_data/CraneMode.SWLProtection", value: Bool(false), status: Ok, cot: Inf, timestamp: 2024-04-04T11:14:58.750389569Z })
Int(Point { tx_id: 13021356421321819167, name: "/App/ied14/db906_visual_data/CraneMode.Reserve1", value: 1, status: Ok, cot: Inf, timestamp: 2024-04-04T11:14:59.150457053Z })
Int(Point { tx_id: 13021356421321819167, name: "/App/ied14/db906_visual_data/CraneMode.Reserve2", value: 5, status: Ok, cot: Inf, timestamp: 2024-04-04T11:14:59.550562595Z })
Int(Point { tx_id: 13021356421321819167, name: "/App/ied14/db906_visual_data/CraneMode.Reserve3", value: 0, status: Ok, cot: Inf, timestamp: 2024-04-04T11:14:59.950728376Z })
Int(Point { tx_id: 13021356421321819167, name: "/App/ied14/db906_visual_data/ConstantTension.Level", value: 2, status: Ok, cot: Inf, timestamp: 2024-04-04T11:15:00.350888544Z })
Bool(Point { tx_id: 13021356421321819167, name: "/App/ied14/db906_visual_data/ConstantTension.Active", value: Bool(true), status: Ok, cot: Inf, timestamp: 2024-04-04T11:15:00.750953317Z })
Bool(Point { tx_id: 13021356421321819167, name: "/App/ied14/db906_visual_data/ConstantTension.Reserve1", value: Bool(true), status: Ok, cot: Inf, timestamp: 2024-04-04T11:15:01.151032306Z })
Bool(Point { tx_id: 13021356421321819167, name: "/App/ied14/db906_visual_data/ConstantTension.Reserve2", value: Bool(true), status: Ok, cot: Inf, timestamp: 2024-04-04T11:15:01.551190253Z })
Bool(Point { tx_id: 13021356421321819167, name: "/App/ied14/db906_visual_data/ConstantTension.Reserve3", value: Bool(false), status: Ok, cot: Inf, timestamp: 2024-04-04T11:15:01.951366135Z })
Real(Point { tx_id: 13021356421321819167, name: "/App/ied14/db906_visual_data/Hook.X", value: 1.0, status: Ok, cot: Inf, timestamp: 2024-04-04T11:15:02.351471796Z })
Real(Point { tx_id: 13021356421321819167, name: "/App/ied14/db906_visual_data/Hook.Y", value: 2.0, status: Ok, cot: Inf, timestamp: 2024-04-04T11:15:02.751531757Z })
Real(Point { tx_id: 13021356421321819167, name: "/App/ied14/db906_visual_data/Hook.Speed", value: 0.0, status: Ok, cot: Inf, timestamp: 2024-04-04T11:15:03.151687136Z })
Real(Point { tx_id: 13021356421321819167, name: "/App/ied14/db906_visual_data/Crane.Radius", value: 0.0, status: Ok, cot: Inf, timestamp: 2024-04-04T11:15:03.551750132Z })
Real(Point { tx_id: 13021356421321819167, name: "/App/ied14/db906_visual_data/Crane.Depth", value: 2.0, status: Ok, cot: Inf, timestamp: 2024-04-04T11:15:03.951916677Z })
Real(Point { tx_id: 13021356421321819167, name: "/App/ied14/db906_visual_data/Crane.DeckDepth", value: 3.0, status: Ok, cot: Inf, timestamp: 2024-04-04T11:15:04.352070107Z })
Real(Point { tx_id: 13021356421321819167, name: "/App/ied14/db906_visual_data/Crane.Wind", value: 1.0, status: Ok, cot: Inf, timestamp: 2024-04-04T11:15:04.752131173Z })
Real(Point { tx_id: 13021356421321819167, name: "/App/ied14/db906_visual_data/Crane.Pitch", value: 3.0, status: Ok, cot: Inf, timestamp: 2024-04-04T11:15:05.152204858Z })
Real(Point { tx_id: 13021356421321819167, name: "/App/ied14/db906_visual_data/Crane.Roll", value: 1.0, status: Ok, cot: Inf, timestamp: 2024-04-04T11:15:05.552277858Z })
Real(Point { tx_id: 13021356421321819167, name: "/App/ied14/db906_visual_data/Crane.Slewing", value: 1.0, status: Ok, cot: Inf, timestamp: 2024-04-04T11:15:05.952393417Z })
Real(Point { tx_id: 13021356421321819167, name: "/App/ied14/db906_visual_data/Crane.BoomAngle", value: 2.0, status: Ok, cot: Inf, timestamp: 2024-04-04T11:15:06.352457490Z })
Real(Point { tx_id: 13021356421321819167, name: "/App/ied14/db906_visual_data/Crane.JibAngle", value: 4.0, status: Ok, cot: Inf, timestamp: 2024-04-04T11:15:06.752613379Z })
Real(Point { tx_id: 13021356421321819167, name: "/App/ied14/db906_visual_data/Crane.Reserve1", value: 3.0, status: Ok, cot: Inf, timestamp: 2024-04-04T11:15:07.152700904Z })
Real(Point { tx_id: 13021356421321819167, name: "/App/ied14/db906_visual_data/Crane.Reserve2", value: 0.0, status: Ok, cot: Inf, timestamp: 2024-04-04T11:15:07.552762338Z })
Real(Point { tx_id: 13021356421321819167, name: "/App/ied14/db906_visual_data/Crane.Reserve3", value: 5.0, status: Ok, cot: Inf, timestamp: 2024-04-04T11:15:07.952827086Z })
Real(Point { tx_id: 13021356421321819167, name: "/App/ied14/db906_visual_data/Winch1.SWL0", value: 0.0, status: Ok, cot: Inf, timestamp: 2024-04-04T11:15:08.352893188Z })
Real(Point { tx_id: 13021356421321819167, name: "/App/ied14/db906_visual_data/Winch1.SWL", value: 2.0, status: Ok, cot: Inf, timestamp: 2024-04-04T11:15:08.752954030Z })
Real(Point { tx_id: 13021356421321819167, name: "/App/ied14/db906_visual_data/Winch1.Load", value: 1.0, status: Ok, cot: Inf, timestamp: 2024-04-04T11:15:09.153016526Z })
Real(Point { tx_id: 13021356421321819167, name: "/App/ied14/db906_visual_data/Winch2.SWL0", value: 3.0, status: Ok, cot: Inf, timestamp: 2024-04-04T11:15:09.553079318Z })
Real(Point { tx_id: 13021356421321819167, name: "/App/ied14/db906_visual_data/Winch2.SWL", value: 1.0, status: Ok, cot: Inf, timestamp: 2024-04-04T11:15:09.953171459Z })
Real(Point { tx_id: 13021356421321819167, name: "/App/ied14/db906_visual_data/Winch2.Load", value: 2.0, status: Ok, cot: Inf, timestamp: 2024-04-04T11:15:10.353239673Z })
Real(Point { tx_id: 13021356421321819167, name: "/App/ied14/db906_visual_data/Winch3.SWL0", value: 1.0, status: Ok, cot: Inf, timestamp: 2024-04-04T11:15:10.753303748Z })
Real(Point { tx_id: 13021356421321819167, name: "/App/ied14/db906_visual_data/Winch3.SWL", value: 5.0, status: Ok, cot: Inf, timestamp: 2024-04-04T11:15:11.153362818Z })
Real(Point { tx_id: 13021356421321819167, name: "/App/ied14/db906_visual_data/Winch3.Load", value: 5.0, status: Ok, cot: Inf, timestamp: 2024-04-04T11:15:11.553423785Z })
Int(Point { tx_id: 13021356421321819167, name: "/App/ied14/db906_visual_data/HPU.Pump1.State", value: 1, status: Ok, cot: Inf, timestamp: 2024-04-04T11:15:11.953483629Z })
Int(Point { tx_id: 13021356421321819167, name: "/App/ied14/db906_visual_data/HPU.Pump2.State", value: 2, status: Ok, cot: Inf, timestamp: 2024-04-04T11:15:12.353570781Z })
Int(Point { tx_id: 13021356421321819167, name: "/App/ied14/db906_visual_data/HPU.EmergencyHPU.State", value: 6, status: Ok, cot: Inf, timestamp: 2024-04-04T11:15:12.753630523Z })
Real(Point { tx_id: 13021356421321819167, name: "/App/ied14/db906_visual_data/HPU.OilTemp", value: 3.0, status: Ok, cot: Inf, timestamp: 2024-04-04T11:15:13.153693596Z })
Int(Point { tx_id: 13021356421321819167, name: "/App/ied14/db906_visual_data/CraneMovement.RotateLeft", value: 0, status: Ok, cot: Inf, timestamp: 2024-04-04T11:15:13.553780624Z })
Int(Point { tx_id: 13021356421321819167, name: "/App/ied14/db906_visual_data/CraneMovement.RotateRight", value: 6, status: Ok, cot: Inf, timestamp: 2024-04-04T11:15:13.953874416Z })
Int(Point { tx_id: 13021356421321819167, name: "/App/ied14/db906_visual_data/CraneMovement.OutreachFwd", value: 3, status: Ok, cot: Inf, timestamp: 2024-04-04T11:15:14.353934039Z })
Int(Point { tx_id: 13021356421321819167, name: "/App/ied14/db906_visual_data/CraneMovement.OutreachRev", value: 9, status: Ok, cot: Inf, timestamp: 2024-04-04T11:15:14.753993485Z })
Int(Point { tx_id: 13021356421321819167, name: "/App/ied14/db906_visual_data/CraneMovement.JibUp", value: 8, status: Ok, cot: Inf, timestamp: 2024-04-04T11:15:15.154077495Z })
Int(Point { tx_id: 13021356421321819167, name: "/App/ied14/db906_visual_data/CraneMovement.JibDown", value: 0, status: Ok, cot: Inf, timestamp: 2024-04-04T11:15:15.554162359Z })
Int(Point { tx_id: 13021356421321819167, name: "/App/ied14/db906_visual_data/CraneMovement.BoomUp", value: 4, status: Ok, cot: Inf, timestamp: 2024-04-04T11:15:15.954249834Z })
Int(Point { tx_id: 13021356421321819167, name: "/App/ied14/db906_visual_data/CraneMovement.BoomDown", value: 2, status: Ok, cot: Inf, timestamp: 2024-04-04T11:15:16.354438488Z })
Int(Point { tx_id: 13021356421321819167, name: "/App/ied14/db906_visual_data/CraneMovement.WinchUp", value: 9, status: Ok, cot: Inf, timestamp: 2024-04-04T11:15:16.754597954Z })
Int(Point { tx_id: 13021356421321819167, name: "/App/ied14/db906_visual_data/CraneMovement.WinchDown", value: 5, status: Ok, cot: Inf, timestamp: 2024-04-04T11:15:17.154679960Z })
Int(Point { tx_id: 13021356421321819167, name: "/App/ied14/db906_visual_data/CraneMode.MainMode", value: 9, status: Ok, cot: Inf, timestamp: 2024-04-04T11:15:17.554763992Z })
Int(Point { tx_id: 13021356421321819167, name: "/App/ied14/db906_visual_data/CraneMode.ActiveWinch", value: 0, status: Ok, cot: Inf, timestamp: 2024-04-04T11:15:17.954820946Z })
Int(Point { tx_id: 13021356421321819167, name: "/App/ied14/db906_visual_data/CraneMode.Winch1Mode", value: 3, status: Ok, cot: Inf, timestamp: 2024-04-04T11:15:18.354906775Z })
Int(Point { tx_id: 13021356421321819167, name: "/App/ied14/db906_visual_data/CraneMode.WaveHeightLevel", value: 7, status: Ok, cot: Inf, timestamp: 2024-04-04T11:15:18.754987168Z })
Bool(Point { tx_id: 13021356421321819167, name: "/App/ied14/db906_visual_data/CraneMode.CraneOffshore", value: Bool(true), status: Ok, cot: Inf, timestamp: 2024-04-04T11:15:19.155045975Z })
Bool(Point { tx_id: 13021356421321819167, name: "/App/ied14/db906_visual_data/CraneMode.ParkingModeActive", value: Bool(false), status: Ok, cot: Inf, timestamp: 2024-04-04T11:15:19.555140977Z })
Int(Point { tx_id: 13021356421321819167, name: "/App/ied14/db906_visual_data/CraneMode.MOPS", value: 7, status: Ok, cot: Inf, timestamp: 2024-04-04T11:15:19.955226728Z })
Int(Point { tx_id: 13021356421321819167, name: "/App/ied14/db906_visual_data/CraneMode.AOPS", value: 8, status: Ok, cot: Inf, timestamp: 2024-04-04T11:15:20.355419886Z })
Int(Point { tx_id: 13021356421321819167, name: "/App/ied14/db906_visual_data/CraneMode.AHC", value: 7, status: Ok, cot: Inf, timestamp: 2024-04-04T11:15:20.755509729Z })
Int(Point { tx_id: 13021356421321819167, name: "/App/ied14/db906_visual_data/CraneMode.WinchBrake", value: 5, status: Ok, cot: Inf, timestamp: 2024-04-04T11:15:21.155659710Z })
Bool(Point { tx_id: 13021356421321819167, name: "/App/ied14/db906_visual_data/CraneMode.SWLProtection", value: Bool(false), status: Ok, cot: Inf, timestamp: 2024-04-04T11:15:21.555729461Z })
Int(Point { tx_id: 13021356421321819167, name: "/App/ied14/db906_visual_data/CraneMode.Reserve1", value: 1, status: Ok, cot: Inf, timestamp: 2024-04-04T11:15:21.955889770Z })
Int(Point { tx_id: 13021356421321819167, name: "/App/ied14/db906_visual_data/CraneMode.Reserve2", value: 9, status: Ok, cot: Inf, timestamp: 2024-04-04T11:15:22.356052896Z })
Int(Point { tx_id: 13021356421321819167, name: "/App/ied14/db906_visual_data/CraneMode.Reserve3", value: 9, status: Ok, cot: Inf, timestamp: 2024-04-04T11:15:22.756210738Z })
Int(Point { tx_id: 13021356421321819167, name: "/App/ied14/db906_visual_data/ConstantTension.Level", value: 8, status: Ok, cot: Inf, timestamp: 2024-04-04T11:15:23.156372307Z })
Bool(Point { tx_id: 13021356421321819167, name: "/App/ied14/db906_visual_data/ConstantTension.Active", value: Bool(true), status: Ok, cot: Inf, timestamp: 2024-04-04T11:15:23.556457170Z })
Bool(Point { tx_id: 13021356421321819167, name: "/App/ied14/db906_visual_data/ConstantTension.Reserve1", value: Bool(true), status: Ok, cot: Inf, timestamp: 2024-04-04T11:15:23.956623507Z })
Bool(Point { tx_id: 13021356421321819167, name: "/App/ied14/db906_visual_data/ConstantTension.Reserve2", value: Bool(false), status: Ok, cot: Inf, timestamp: 2024-04-04T11:15:24.356813723Z })
Bool(Point { tx_id: 13021356421321819167, name: "/App/ied14/db906_visual_data/ConstantTension.Reserve3", value: Bool(false), status: Ok, cot: Inf, timestamp: 2024-04-04T11:15:24.756918041Z })
Real(Point { tx_id: 13021356421321819167, name: "/App/ied14/db906_visual_data/Hook.X", value: 4.0, status: Ok, cot: Inf, timestamp: 2024-04-04T11:15:25.156979931Z })
Real(Point { tx_id: 13021356421321819167, name: "/App/ied14/db906_visual_data/Hook.Y", value: 2.0, status: Ok, cot: Inf, timestamp: 2024-04-04T11:15:25.557125233Z })
Real(Point { tx_id: 13021356421321819167, name: "/App/ied14/db906_visual_data/Hook.Speed", value: 0.0, status: Ok, cot: Inf, timestamp: 2024-04-04T11:15:25.957217920Z })
Real(Point { tx_id: 13021356421321819167, name: "/App/ied14/db906_visual_data/Crane.Radius", value: 3.0, status: Ok, cot: Inf, timestamp: 2024-04-04T11:15:26.357312532Z })
Real(Point { tx_id: 13021356421321819167, name: "/App/ied14/db906_visual_data/Crane.Depth", value: 4.0, status: Ok, cot: Inf, timestamp: 2024-04-04T11:15:26.757397533Z })
Real(Point { tx_id: 13021356421321819167, name: "/App/ied14/db906_visual_data/Crane.DeckDepth", value: 5.0, status: Ok, cot: Inf, timestamp: 2024-04-04T11:15:27.157457758Z })
Real(Point { tx_id: 13021356421321819167, name: "/App/ied14/db906_visual_data/Crane.Wind", value: 0.0, status: Ok, cot: Inf, timestamp: 2024-04-04T11:15:27.557517319Z })
Real(Point { tx_id: 13021356421321819167, name: "/App/ied14/db906_visual_data/Crane.Pitch", value: 1.0, status: Ok, cot: Inf, timestamp: 2024-04-04T11:15:27.957579123Z })
Real(Point { tx_id: 13021356421321819167, name: "/App/ied14/db906_visual_data/Crane.Roll", value: 2.0, status: Ok, cot: Inf, timestamp: 2024-04-04T11:15:28.357674987Z })
Real(Point { tx_id: 13021356421321819167, name: "/App/ied14/db906_visual_data/Crane.Slewing", value: 1.0, status: Ok, cot: Inf, timestamp: 2024-04-04T11:15:28.757739062Z })
Real(Point { tx_id: 13021356421321819167, name: "/App/ied14/db906_visual_data/Crane.BoomAngle", value: 2.0, status: Ok, cot: Inf, timestamp: 2024-04-04T11:15:29.157913002Z })
Real(Point { tx_id: 13021356421321819167, name: "/App/ied14/db906_visual_data/Crane.JibAngle", value: 2.0, status: Ok, cot: Inf, timestamp: 2024-04-04T11:15:29.558013352Z })
Real(Point { tx_id: 13021356421321819167, name: "/App/ied14/db906_visual_data/Crane.Reserve1", value: 0.0, status: Ok, cot: Inf, timestamp: 2024-04-04T11:15:29.958203819Z })
Real(Point { tx_id: 13021356421321819167, name: "/App/ied14/db906_visual_data/Crane.Reserve2", value: 5.0, status: Ok, cot: Inf, timestamp: 2024-04-04T11:15:30.358384305Z })
Real(Point { tx_id: 13021356421321819167, name: "/App/ied14/db906_visual_data/Crane.Reserve3", value: 5.0, status: Ok, cot: Inf, timestamp: 2024-04-04T11:15:30.758447359Z })
Real(Point { tx_id: 13021356421321819167, name: "/App/ied14/db906_visual_data/Winch1.SWL0", value: 0.0, status: Ok, cot: Inf, timestamp: 2024-04-04T11:15:31.158547655Z })
Real(Point { tx_id: 13021356421321819167, name: "/App/ied14/db906_visual_data/Winch1.SWL", value: 2.0, status: Ok, cot: Inf, timestamp: 2024-04-04T11:15:31.558643423Z })
Real(Point { tx_id: 13021356421321819167, name: "/App/ied14/db906_visual_data/Winch1.Load", value: 5.0, status: Ok, cot: Inf, timestamp: 2024-04-04T11:15:31.958816298Z })
Real(Point { tx_id: 13021356421321819167, name: "/App/ied14/db906_visual_data/Winch2.SWL0", value: 3.0, status: Ok, cot: Inf, timestamp: 2024-04-04T11:15:32.358909114Z })
Real(Point { tx_id: 13021356421321819167, name: "/App/ied14/db906_visual_data/Winch2.SWL", value: 5.0, status: Ok, cot: Inf, timestamp: 2024-04-04T11:15:32.759112164Z })
Real(Point { tx_id: 13021356421321819167, name: "/App/ied14/db906_visual_data/Winch2.Load", value: 1.0, status: Ok, cot: Inf, timestamp: 2024-04-04T11:15:33.159287173Z })
Real(Point { tx_id: 13021356421321819167, name: "/App/ied14/db906_visual_data/Winch3.SWL0", value: 5.0, status: Ok, cot: Inf, timestamp: 2024-04-04T11:15:33.559470136Z })
Real(Point { tx_id: 13021356421321819167, name: "/App/ied14/db906_visual_data/Winch3.SWL", value: 1.0, status: Ok, cot: Inf, timestamp: 2024-04-04T11:15:33.959560857Z })
Real(Point { tx_id: 13021356421321819167, name: "/App/ied14/db906_visual_data/Winch3.Load", value: 2.0, status: Ok, cot: Inf, timestamp: 2024-04-04T11:15:34.359625393Z })
Int(Point { tx_id: 13021356421321819167, name: "/App/ied14/db906_visual_data/HPU.Pump1.State", value: 1, status: Ok, cot: Inf, timestamp: 2024-04-04T11:15:34.759719498Z })
Int(Point { tx_id: 13021356421321819167, name: "/App/ied14/db906_visual_data/HPU.Pump2.State", value: 2, status: Ok, cot: Inf, timestamp: 2024-04-04T11:15:35.159807443Z })
Int(Point { tx_id: 13021356421321819167, name: "/App/ied14/db906_visual_data/HPU.EmergencyHPU.State", value: 2, status: Ok, cot: Inf, timestamp: 2024-04-04T11:15:35.560007129Z })
Real(Point { tx_id: 13021356421321819167, name: "/App/ied14/db906_visual_data/HPU.OilTemp", value: 5.0, status: Ok, cot: Inf, timestamp: 2024-04-04T11:15:35.960112484Z })
Int(Point { tx_id: 13021356421321819167, name: "/App/ied14/db906_visual_data/CraneMovement.RotateLeft", value: 7, status: Ok, cot: Inf, timestamp: 2024-04-04T11:15:36.360233314Z })
Int(Point { tx_id: 13021356421321819167, name: "/App/ied14/db906_visual_data/CraneMovement.RotateRight", value: 1, status: Ok, cot: Inf, timestamp: 2024-04-04T11:15:36.760412919Z })
Int(Point { tx_id: 13021356421321819167, name: "/App/ied14/db906_visual_data/CraneMovement.OutreachFwd", value: 4, status: Ok, cot: Inf, timestamp: 2024-04-04T11:15:37.160475858Z })
Int(Point { tx_id: 13021356421321819167, name: "/App/ied14/db906_visual_data/CraneMovement.OutreachRev", value: 3, status: Ok, cot: Inf, timestamp: 2024-04-04T11:15:37.560670098Z })
Int(Point { tx_id: 13021356421321819167, name: "/App/ied14/db906_visual_data/CraneMovement.JibUp", value: 1, status: Ok, cot: Inf, timestamp: 2024-04-04T11:15:37.960792278Z })
Int(Point { tx_id: 13021356421321819167, name: "/App/ied14/db906_visual_data/CraneMovement.JibDown", value: 9, status: Ok, cot: Inf, timestamp: 2024-04-04T11:15:38.360857528Z })
Int(Point { tx_id: 13021356421321819167, name: "/App/ied14/db906_visual_data/CraneMovement.BoomUp", value: 4, status: Ok, cot: Inf, timestamp: 2024-04-04T11:15:38.760921422Z })
Int(Point { tx_id: 13021356421321819167, name: "/App/ied14/db906_visual_data/CraneMovement.BoomDown", value: 1, status: Ok, cot: Inf, timestamp: 2024-04-04T11:15:39.161003122Z })
Int(Point { tx_id: 13021356421321819167, name: "/App/ied14/db906_visual_data/CraneMovement.WinchUp", value: 9, status: Ok, cot: Inf, timestamp: 2024-04-04T11:15:39.561072896Z })
Int(Point { tx_id: 13021356421321819167, name: "/App/ied14/db906_visual_data/CraneMovement.WinchDown", value: 6, status: Ok, cot: Inf, timestamp: 2024-04-04T11:15:39.961247871Z })
Int(Point { tx_id: 13021356421321819167, name: "/App/ied14/db906_visual_data/CraneMode.MainMode", value: 5, status: Ok, cot: Inf, timestamp: 2024-04-04T11:15:40.361404021Z })
Int(Point { tx_id: 13021356421321819167, name: "/App/ied14/db906_visual_data/CraneMode.ActiveWinch", value: 8, status: Ok, cot: Inf, timestamp: 2024-04-04T11:15:40.761491659Z })
Int(Point { tx_id: 13021356421321819167, name: "/App/ied14/db906_visual_data/CraneMode.Winch1Mode", value: 8, status: Ok, cot: Inf, timestamp: 2024-04-04T11:15:41.161552858Z })
Int(Point { tx_id: 13021356421321819167, name: "/App/ied14/db906_visual_data/CraneMode.WaveHeightLevel", value: 4, status: Ok, cot: Inf, timestamp: 2024-04-04T11:15:41.561643390Z })
Bool(Point { tx_id: 13021356421321819167, name: "/App/ied14/db906_visual_data/CraneMode.CraneOffshore", value: Bool(false), status: Ok, cot: Inf, timestamp: 2024-04-04T11:15:41.961823345Z })
Bool(Point { tx_id: 13021356421321819167, name: "/App/ied14/db906_visual_data/CraneMode.ParkingModeActive", value: Bool(true), status: Ok, cot: Inf, timestamp: 2024-04-04T11:15:42.362001408Z })
Int(Point { tx_id: 13021356421321819167, name: "/App/ied14/db906_visual_data/CraneMode.MOPS", value: 6, status: Ok, cot: Inf, timestamp: 2024-04-04T11:15:42.762095386Z })
Int(Point { tx_id: 13021356421321819167, name: "/App/ied14/db906_visual_data/CraneMode.AOPS", value: 6, status: Ok, cot: Inf, timestamp: 2024-04-04T11:15:43.162214204Z })
Int(Point { tx_id: 13021356421321819167, name: "/App/ied14/db906_visual_data/CraneMode.AHC", value: 6, status: Ok, cot: Inf, timestamp: 2024-04-04T11:15:43.562399430Z })
Int(Point { tx_id: 13021356421321819167, name: "/App/ied14/db906_visual_data/CraneMode.WinchBrake", value: 8, status: Ok, cot: Inf, timestamp: 2024-04-04T11:15:43.962488193Z })
Bool(Point { tx_id: 13021356421321819167, name: "/App/ied14/db906_visual_data/CraneMode.SWLProtection", value: Bool(false), status: Ok, cot: Inf, timestamp: 2024-04-04T11:15:44.362664879Z })
Int(Point { tx_id: 13021356421321819167, name: "/App/ied14/db906_visual_data/CraneMode.Reserve1", value: 4, status: Ok, cot: Inf, timestamp: 2024-04-04T11:15:44.762850596Z })
Int(Point { tx_id: 13021356421321819167, name: "/App/ied14/db906_visual_data/CraneMode.Reserve2", value: 5, status: Ok, cot: Inf, timestamp: 2024-04-04T11:15:45.162951043Z })
Int(Point { tx_id: 13021356421321819167, name: "/App/ied14/db906_visual_data/CraneMode.Reserve3", value: 2, status: Ok, cot: Inf, timestamp: 2024-04-04T11:15:45.563158424Z })
Int(Point { tx_id: 13021356421321819167, name: "/App/ied14/db906_visual_data/ConstantTension.Level", value: 7, status: Ok, cot: Inf, timestamp: 2024-04-04T11:15:45.963257832Z })
Bool(Point { tx_id: 13021356421321819167, name: "/App/ied14/db906_visual_data/ConstantTension.Active", value: Bool(false), status: Ok, cot: Inf, timestamp: 2024-04-04T11:15:46.363352506Z })
Bool(Point { tx_id: 13021356421321819167, name: "/App/ied14/db906_visual_data/ConstantTension.Reserve1", value: Bool(false), status: Ok, cot: Inf, timestamp: 2024-04-04T11:15:46.763418950Z })
Bool(Point { tx_id: 13021356421321819167, name: "/App/ied14/db906_visual_data/ConstantTension.Reserve2", value: Bool(true), status: Ok, cot: Inf, timestamp: 2024-04-04T11:15:47.163582217Z })
Bool(Point { tx_id: 13021356421321819167, name: "/App/ied14/db906_visual_data/ConstantTension.Reserve3", value: Bool(true), status: Ok, cot: Inf, timestamp: 2024-04-04T11:15:47.563680084Z })
Real(Point { tx_id: 13021356421321819167, name: "/App/ied14/db906_visual_data/Hook.X", value: 1.0, status: Ok, cot: Inf, timestamp: 2024-04-04T11:15:47.963742666Z })
Real(Point { tx_id: 13021356421321819167, name: "/App/ied14/db906_visual_data/Hook.Y", value: 2.0, status: Ok, cot: Inf, timestamp: 2024-04-04T11:15:48.363806525Z })
Real(Point { tx_id: 13021356421321819167, name: "/App/ied14/db906_visual_data/Hook.Speed", value: 4.0, status: Ok, cot: Inf, timestamp: 2024-04-04T11:15:48.763872249Z })
Real(Point { tx_id: 13021356421321819167, name: "/App/ied14/db906_visual_data/Crane.Radius", value: 1.0, status: Ok, cot: Inf, timestamp: 2024-04-04T11:15:49.163935918Z })
Real(Point { tx_id: 13021356421321819167, name: "/App/ied14/db906_visual_data/Crane.Depth", value: 2.0, status: Ok, cot: Inf, timestamp: 2024-04-04T11:15:49.564000639Z })
Real(Point { tx_id: 13021356421321819167, name: "/App/ied14/db906_visual_data/Crane.DeckDepth", value: 4.0, status: Ok, cot: Inf, timestamp: 2024-04-04T11:15:49.964067416Z })
Real(Point { tx_id: 13021356421321819167, name: "/App/ied14/db906_visual_data/Crane.Wind", value: 2.0, status: Ok, cot: Inf, timestamp: 2024-04-04T11:15:50.364145345Z })
Real(Point { tx_id: 13021356421321819167, name: "/App/ied14/db906_visual_data/Crane.Pitch", value: 1.0, status: Ok, cot: Inf, timestamp: 2024-04-04T11:15:50.764219730Z })
Real(Point { tx_id: 13021356421321819167, name: "/App/ied14/db906_visual_data/Crane.Roll", value: 5.0, status: Ok, cot: Inf, timestamp: 2024-04-04T11:15:51.164284306Z })
Real(Point { tx_id: 13021356421321819167, name: "/App/ied14/db906_visual_data/Crane.Slewing", value: 4.0, status: Ok, cot: Inf, timestamp: 2024-04-04T11:15:51.564347503Z })
Real(Point { tx_id: 13021356421321819167, name: "/App/ied14/db906_visual_data/Crane.BoomAngle", value: 4.0, status: Ok, cot: Inf, timestamp: 2024-04-04T11:15:51.964409336Z })
Real(Point { tx_id: 13021356421321819167, name: "/App/ied14/db906_visual_data/Crane.JibAngle", value: 2.0, status: Ok, cot: Inf, timestamp: 2024-04-04T11:15:52.364470350Z })
Real(Point { tx_id: 13021356421321819167, name: "/App/ied14/db906_visual_data/Crane.Reserve1", value: 2.0, status: Ok, cot: Inf, timestamp: 2024-04-04T11:15:52.764667266Z })
