Int(Point { tx_id: 14943642406637564962, name: "/App/ied12/db902_panel_controls/Settings.CraneMode.MainMode", value: 9, status: Ok, cot: Inf, timestamp: 2024-04-04T11:14:50.647448748Z })
Int(Point { tx_id: 14943642406637564962, name: "/App/ied12/db902_panel_controls/Settings.CraneMode.ActiveWinch", value: 5, status: Ok, cot: Inf, timestamp: 2024-04-04T11:14:51.047601576Z })
Int(Point { tx_id: 14943642406637564962, name: "/App/ied12/db902_panel_controls/Settings.CraneMode.Winch1Mode", value: 6, status: Ok, cot: Inf, timestamp: 2024-04-04T11:14:51.447687652Z })
Int(Point { tx_id: 14943642406637564962, name: "/App/ied12/db902_panel_controls/Settings.CraneMode.WaveHeightLevel", value: 3, status: Ok, cot: Inf, timestamp: 2024-04-04T11:14:51.847883849Z })
Int(Point { tx_id: 14943642406637564962, name: "/App/ied12/db902_panel_controls/Settings.CraneMode.ConstantTensionLevel", value: 4, status: Ok, cot: Inf, timestamp: 2024-04-04T11:14:52.248058515Z })
Int(Point { tx_id: 14943642406637564962, name: "/App/ied12/db902_panel_controls/Settings.CraneMode.SetRelativeDepth", value: 6, status: Ok, cot: Inf, timestamp: 2024-04-04T11:14:52.648235880Z })
Int(Point { tx_id: 14943642406637564962, name: "/App/ied12/db902_panel_controls/Settings.CraneMode.ResetRelativeDepth", value: 8, status: Ok, cot: Inf, timestamp: 2024-04-04T11:14:53.048420585Z })
Int(Point { tx_id: 14943642406637564962, name: "/App/ied12/db902_panel_controls/Settings.CraneMode.MainMode", value: 3, status: Ok, cot: Inf, timestamp: 2024-04-04T11:14:53.448606751Z })
Int(Point { tx_id: 14943642406637564962, name: "/App/ied12/db902_panel_controls/Settings.CraneMode.ActiveWinch", value: 6, status: Ok, cot: Inf, timestamp: 2024-04-04T11:14:53.848808471Z })
Int(Point { tx_id: 14943642406637564962, name: "/App/ied12/db902_panel_controls/Settings.CraneMode.Winch1Mode", value: 4, status: Ok, cot: Inf, timestamp: 2024-04-04T11:14:54.248867425Z })
Int(Point { tx_id: 14943642406637564962, name: "/App/ied12/db902_panel_controls/Settings.CraneMode.WaveHeightLevel", value: 7, status: Ok, cot: Inf, timestamp: 2024-04-04T11:14:54.648926089Z })
Int(Point { tx_id: 14943642406637564962, name: "/App/ied12/db902_panel_controls/Settings.CraneMode.ConstantTensionLevel", value: 2, status: Ok, cot: Inf, timestamp: 2024-04-04T11:14:55.048985664Z })
Int(Point { tx_id: 14943642406637564962, name: "/App/ied12/db902_panel_controls/Settings.CraneMode.SetRelativeDepth", value: 5, status: Ok, cot: Inf, timestamp: 2024-04-04T11:14:55.449050521Z })
Int(Point { tx_id: 14943642406637564962, name: "/App/ied12/db902_panel_controls/Settings.CraneMode.ResetRelativeDepth", value: 7, status: Ok, cot: Inf, timestamp: 2024-04-04T11:14:55.849154993Z })
Int(Point { tx_id: 14943642406637564962, name: "/App/ied12/db902_panel_controls/Settings.CraneMode.MainMode", value: 6, status: Ok, cot: Inf, timestamp: 2024-04-04T11:14:56.249334108Z })
Int(Point { tx_id: 14943642406637564962, name: "/App/ied12/db902_panel_controls/Settings.CraneMode.ActiveWinch", value: 2, status: Ok, cot: Inf, timestamp: 2024-04-04T11:14:56.649430901Z })
Int(Point { tx_id: 14943642406637564962, name: "/App/ied12/db902_panel_controls/Settings.CraneMode.Winch1Mode", value: 3, status: Ok, cot: Inf, timestamp: 2024-04-04T11:14:57.049533515Z })
Int(Point { tx_id: 14943642406637564962, name: "/App/ied12/db902_panel_controls/Settings.CraneMode.WaveHeightLevel", value: 0, status: Ok, cot: Inf, timestamp: 2024-04-04T11:14:57.449724912Z })
Int(Point { tx_id: 14943642406637564962, name: "/App/ied12/db902_panel_controls/Settings.CraneMode.ConstantTensionLevel", value: 1, status: Ok, cot: Inf, timestamp: 2024-04-04T11:14:57.849837177Z })
Int(Point { tx_id: 14943642406637564962, name: "/App/ied12/db902_panel_controls/Settings.CraneMode.SetRelativeDepth", value: 8, status: Ok, cot: Inf, timestamp: 2024-04-04T11:14:58.249906454Z })
Int(Point { tx_id: 14943642406637564962, name: "/App/ied12/db902_panel_controls/Settings.CraneMode.ResetRelativeDepth", value: 6, status: Ok, cot: Inf, timestamp: 2024-04-04T11:14:58.649974790Z })
Int(Point { tx_id: 14943642406637564962, name: "/App/ied12/db902_panel_controls/Settings.CraneMode.MainMode", value: 4, status: Ok, cot: Inf, timestamp: 2024-04-04T11:14:59.050255040Z })
Int(Point { tx_id: 14943642406637564962, name: "/App/ied12/db902_panel_controls/Settings.CraneMode.ActiveWinch", value: 3, status: Ok, cot: Inf, timestamp: 2024-04-04T11:14:59.450315074Z })
Int(Point { tx_id: 14943642406637564962, name: "/App/ied12/db902_panel_controls/Settings.CraneMode.Winch1Mode", value: 0, status: Ok, cot: Inf, timestamp: 2024-04-04T11:14:59.850492659Z })
Int(Point { tx_id: 14943642406637564962, name: "/App/ied12/db902_panel_controls/Settings.CraneMode.WaveHeightLevel", value: 9, status: Ok, cot: Inf, timestamp: 2024-04-04T11:15:00.250587068Z })
Int(Point { tx_id: 14943642406637564962, name: "/App/ied12/db902_panel_controls/Settings.CraneMode.ConstantTensionLevel", value: 1, status: Ok, cot: Inf, timestamp: 2024-04-04T11:15:00.650754533Z })
Int(Point { tx_id: 14943642406637564962, name: "/App/ied12/db902_panel_controls/Settings.CraneMode.SetRelativeDepth", value: 5, status: Ok, cot: Inf, timestamp: 2024-04-04T11:15:01.050817738Z })
Int(Point { tx_id: 14943642406637564962, name: "/App/ied12/db902_panel_controls/Settings.CraneMode.ResetRelativeDepth", value: 4, status: Ok, cot: Inf, timestamp: 2024-04-04T11:15:01.450989352Z })
Int(Point { tx_id: 14943642406637564962, name: "/App/ied12/db902_panel_controls/Settings.CraneMode.MainMode", value: 4, status: Ok, cot: Inf, timestamp: 2024-04-04T11:15:01.851093652Z })
Int(Point { tx_id: 14943642406637564962, name: "/App/ied12/db902_panel_controls/Settings.CraneMode.ActiveWinch", value: 4, status: Ok, cot: Inf, timestamp: 2024-04-04T11:15:02.251167035Z })
Int(Point { tx_id: 14943642406637564962, name: "/App/ied12/db902_panel_controls/Settings.CraneMode.Winch1Mode", value: 3, status: Ok, cot: Inf, timestamp: 2024-04-04T11:15:02.651361540Z })
Int(Point { tx_id: 14943642406637564962, name: "/App/ied12/db902_panel_controls/Settings.CraneMode.WaveHeightLevel", value: 3, status: Ok, cot: Inf, timestamp: 2024-04-04T11:15:03.051504451Z })
Int(Point { tx_id: 14943642406637564962, name: "/App/ied12/db902_panel_controls/Settings.CraneMode.ConstantTensionLevel", value: 4, status: Ok, cot: Inf, timestamp: 2024-04-04T11:15:03.451601718Z })
Int(Point { tx_id: 14943642406637564962, name: "/App/ied12/db902_panel_controls/Settings.CraneMode.SetRelativeDepth", value: 6, status: Ok, cot: Inf, timestamp: 2024-04-04T11:15:03.851666778Z })
Int(Point { tx_id: 14943642406637564962, name: "/App/ied12/db902_panel_controls/Settings.CraneMode.ResetRelativeDepth", value: 9, status: Ok, cot: Inf, timestamp: 2024-04-04T11:15:04.251856076Z })
Int(Point { tx_id: 14943642406637564962, name: "/App/ied12/db902_panel_controls/Settings.CraneMode.MainMode", value: 0, status: Ok, cot: Inf, timestamp: 2024-04-04T11:15:04.651917085Z })
Int(Point { tx_id: 14943642406637564962, name: "/App/ied12/db902_panel_controls/Settings.CraneMode.ActiveWinch", value: 7, status: Ok, cot: Inf, timestamp: 2024-04-04T11:15:05.051984183Z })
Int(Point { tx_id: 14943642406637564962, name: "/App/ied12/db902_panel_controls/Settings.CraneMode.Winch1Mode", value: 3, status: Ok, cot: Inf, timestamp: 2024-04-04T11:15:05.452071232Z })
Int(Point { tx_id: 14943642406637564962, name: "/App/ied12/db902_panel_controls/Settings.CraneMode.WaveHeightLevel", value: 9, status: Ok, cot: Inf, timestamp: 2024-04-04T11:15:05.852235291Z })
Int(Point { tx_id: 14943642406637564962, name: "/App/ied12/db902_panel_controls/Settings.CraneMode.ConstantTensionLevel", value: 6, status: Ok, cot: Inf, timestamp: 2024-04-04T11:15:06.252318654Z })
Int(Point { tx_id: 14943642406637564962, name: "/App/ied12/db902_panel_controls/Settings.CraneMode.SetRelativeDepth", value: 9, status: Ok, cot: Inf, timestamp: 2024-04-04T11:15:06.652405974Z })
Int(Point { tx_id: 14943642406637564962, name: "/App/ied12/db902_panel_controls/Settings.CraneMode.ResetRelativeDepth", value: 5, status: Ok, cot: Inf, timestamp: 2024-04-04T11:15:07.052571597Z })
Int(Point { tx_id: 14943642406637564962, name: "/App/ied12/db902_panel_controls/Settings.CraneMode.MainMode", value: 5, status: Ok, cot: Inf, timestamp: 2024-04-04T11:15:07.452677837Z })
Int(Point { tx_id: 14943642406637564962, name: "/App/ied12/db902_panel_controls/Settings.CraneMode.ActiveWinch", value: 6, status: Ok, cot: Inf, timestamp: 2024-04-04T11:15:07.852743203Z })
Int(Point { tx_id: 14943642406637564962, name: "/App/ied12/db902_panel_controls/Settings.CraneMode.Winch1Mode", value: 7, status: Ok, cot: Inf, timestamp: 2024-04-04T11:15:08.252803244Z })
Int(Point { tx_id: 14943642406637564962, name: "/App/ied12/db902_panel_controls/Settings.CraneMode.WaveHeightLevel", value: 6, status: Ok, cot: Inf, timestamp: 2024-04-04T11:15:08.652876333Z })
Int(Point { tx_id: 14943642406637564962, name: "/App/ied12/db902_panel_controls/Settings.CraneMode.ConstantTensionLevel", value: 6, status: Ok, cot: Inf, timestamp: 2024-04-04T11:15:09.052945147Z })
Int(Point { tx_id: 14943642406637564962, name: "/App/ied12/db902_panel_controls/Settings.CraneMode.SetRelativeDepth", value: 5, status: Ok, cot: Inf, timestamp: 2024-04-04T11:15:09.453011689Z })
Int(Point { tx_id: 14943642406637564962, name: "/App/ied12/db902_panel_controls/Settings.CraneMode.ResetRelativeDepth", value: 3, status: Ok, cot: Inf, timestamp: 2024-04-04T11:15:09.853075586Z })
Int(Point { tx_id: 14943642406637564962, name: "/App/ied12/db902_panel_controls/Settings.CraneMode.MainMode", value: 8, status: Ok, cot: Inf, timestamp: 2024-04-04T11:15:10.253137329Z })
Int(Point { tx_id: 14943642406637564962, name: "/App/ied12/db902_panel_controls/Settings.CraneMode.ActiveWinch", value: 1, status: Ok, cot: Inf, timestamp: 2024-04-04T11:15:10.653323369Z })
Int(Point { tx_id: 14943642406637564962, name: "/App/ied12/db902_panel_controls/Settings.CraneMode.Winch1Mode", value: 6, status: Ok, cot: Inf, timestamp: 2024-04-04T11:15:11.053510339Z })
Int(Point { tx_id: 14943642406637564962, name: "/App/ied12/db902_panel_controls/Settings.CraneMode.WaveHeightLevel", value: 0, status: Ok, cot: Inf, timestamp: 2024-04-04T11:15:11.453593378Z })
Int(Point { tx_id: 14943642406637564962, name: "/App/ied12/db902_panel_controls/Settings.CraneMode.ConstantTensionLevel", value: 8, status: Ok, cot: Inf, timestamp: 2024-04-04T11:15:11.853706750Z })
Int(Point { tx_id: 14943642406637564962, name: "/App/ied12/db902_panel_controls/Settings.CraneMode.SetRelativeDepth", value: 7, status: Ok, cot: Inf, timestamp: 2024-04-04T11:15:12.253863956Z })
Int(Point { tx_id: 14943642406637564962, name: "/App/ied12/db902_panel_controls/Settings.CraneMode.ResetRelativeDepth", value: 4, status: Ok, cot: Inf, timestamp: 2024-04-04T11:15:12.653932866Z })
Int(Point { tx_id: 14943642406637564962, name: "/App/ied12/db902_panel_controls/Settings.CraneMode.MainMode", value: 2, status: Ok, cot: Inf, timestamp: 2024-04-04T11:15:13.054094988Z })
Int(Point { tx_id: 14943642406637564962, name: "/App/ied12/db902_panel_controls/Settings.CraneMode.ActiveWinch", value: 6, status: Ok, cot: Inf, timestamp: 2024-04-04T11:15:13.454263340Z })
Int(Point { tx_id: 14943642406637564962, name: "/App/ied12/db902_panel_controls/Settings.CraneMode.Winch1Mode", value: 3, status: Ok, cot: Inf, timestamp: 2024-04-04T11:15:13.854454045Z })
Int(Point { tx_id: 14943642406637564962, name: "/App/ied12/db902_panel_controls/Settings.CraneMode.WaveHeightLevel", value: 8, status: Ok, cot: Inf, timestamp: 2024-04-04T11:15:14.254634774Z })
Int(Point { tx_id: 14943642406637564962, name: "/App/ied12/db902_panel_controls/Settings.CraneMode.ConstantTensionLevel", value: 4, status: Ok, cot: Inf, timestamp: 2024-04-04T11:15:14.654799838Z })
Int(Point { tx_id: 14943642406637564962, name: "/App/ied12/db902_panel_controls/Settings.CraneMode.SetRelativeDepth", value: 0, status: Ok, cot: Inf, timestamp: 2024-04-04T11:15:15.054950365Z })
Int(Point { tx_id: 14943642406637564962, name: "/App/ied12/db902_panel_controls/Settings.CraneMode.ResetRelativeDepth", value: 7, status: Ok, cot: Inf, timestamp: 2024-04-04T11:15:15.455134171Z })
Int(Point { tx_id: 14943642406637564962, name: "/App/ied12/db902_panel_controls/Settings.CraneMode.MainMode", value: 9, status: Ok, cot: Inf, timestamp: 2024-04-04T11:15:15.855345173Z })
Int(Point { tx_id: 14943642406637564962, name: "/App/ied12/db902_panel_controls/Settings.CraneMode.ActiveWinch", value: 1, status: Ok, cot: Inf, timestamp: 2024-04-04T11:15:16.255529683Z })
Int(Point { tx_id: 14943642406637564962, name: "/App/ied12/db902_panel_controls/Settings.CraneMode.Winch1Mode", value: 6, status: Ok, cot: Inf, timestamp: 2024-04-04T11:15:16.655694209Z })
Int(Point { tx_id: 14943642406637564962, name: "/App/ied12/db902_panel_controls/Settings.CraneMode.WaveHeightLevel", value: 0, status: Ok, cot: Inf, timestamp: 2024-04-04T11:15:17.055898122Z })
Int(Point { tx_id: 14943642406637564962, name: "/App/ied12/db902_panel_controls/Settings.CraneMode.ConstantTensionLevel", value: 0, status: Ok, cot: Inf, timestamp: 2024-04-04T11:15:17.456082417Z })
Int(Point { tx_id: 14943642406637564962, name: "/App/ied12/db902_panel_controls/Settings.CraneMode.SetRelativeDepth", value: 9, status: Ok, cot: Inf, timestamp: 2024-04-04T11:15:17.856259586Z })
Int(Point { tx_id: 14943642406637564962, name: "/App/ied12/db902_panel_controls/Settings.CraneMode.ResetRelativeDepth", value: 3, status: Ok, cot: Inf, timestamp: 2024-04-04T11:15:18.256435870Z })
Int(Point { tx_id: 14943642406637564962, name: "/App/ied12/db902_panel_controls/Settings.CraneMode.MainMode", value: 1, status: Ok, cot: Inf, timestamp: 2024-04-04T11:15:18.656612967Z })
Int(Point { tx_id: 14943642406637564962, name: "/App/ied12/db902_panel_controls/Settings.CraneMode.ActiveWinch", value: 6, status: Ok, cot: Inf, timestamp: 2024-04-04T11:15:19.056789458Z })
Int(Point { tx_id: 14943642406637564962, name: "/App/ied12/db902_panel_controls/Settings.CraneMode.Winch1Mode", value: 1, status: Ok, cot: Inf, timestamp: 2024-04-04T11:15:19.456984279Z })
Int(Point { tx_id: 14943642406637564962, name: "/App/ied12/db902_panel_controls/Settings.CraneMode.WaveHeightLevel", value: 9, status: Ok, cot: Inf, timestamp: 2024-04-04T11:15:19.857164479Z })
Int(Point { tx_id: 14943642406637564962, name: "/App/ied12/db902_panel_controls/Settings.CraneMode.ConstantTensionLevel", value: 0, status: Ok, cot: Inf, timestamp: 2024-04-04T11:15:20.257251196Z })
Int(Point { tx_id: 14943642406637564962, name: "/App/ied12/db902_panel_controls/Settings.CraneMode.SetRelativeDepth", value: 2, status: Ok, cot: Inf, timestamp: 2024-04-04T11:15:20.657426563Z })
Int(Point { tx_id: 14943642406637564962, name: "/App/ied12/db902_panel_controls/Settings.CraneMode.ResetRelativeDepth", value: 8, status: Ok, cot: Inf, timestamp: 2024-04-04T11:15:21.057592987Z })
Int(Point { tx_id: 14943642406637564962, name: "/App/ied12/db902_panel_controls/Settings.CraneMode.MainMode", value: 2, status: Ok, cot: Inf, timestamp: 2024-04-04T11:15:21.457776300Z })
Int(Point { tx_id: 14943642406637564962, name: "/App/ied12/db902_panel_controls/Settings.CraneMode.ActiveWinch", value: 2, status: Ok, cot: Inf, timestamp: 2024-04-04T11:15:21.857953255Z })
Int(Point { tx_id: 14943642406637564962, name: "/App/ied12/db902_panel_controls/Settings.CraneMode.Winch1Mode", value: 0, status: Ok, cot: Inf, timestamp: 2024-04-04T11:15:22.258129392Z })
Int(Point { tx_id: 14943642406637564962, name: "/App/ied12/db902_panel_controls/Settings.CraneMode.WaveHeightLevel", value: 1, status: Ok, cot: Inf, timestamp: 2024-04-04T11:15:22.658307638Z })
Int(Point { tx_id: 14943642406637564962, name: "/App/ied12/db902_panel_controls/Settings.CraneMode.ConstantTensionLevel", value: 7, status: Ok, cot: Inf, timestamp: 2024-04-04T11:15:23.058492159Z })
Int(Point { tx_id: 14943642406637564962, name: "/App/ied12/db902_panel_controls/Settings.CraneMode.SetRelativeDepth", value: 9, status: Ok, cot: Inf, timestamp: 2024-04-04T11:15:23.458636294Z })
Int(Point { tx_id: 14943642406637564962, name: "/App/ied12/db902_panel_controls/Settings.CraneMode.ResetRelativeDepth", value: 3, status: Ok, cot: Inf, timestamp: 2024-04-04T11:15:23.858822781Z })
Int(Point { tx_id: 14943642406637564962, name: "/App/ied12/db902_panel_controls/Settings.CraneMode.MainMode", value: 5, status: Ok, cot: Inf, timestamp: 2024-04-04T11:15:24.258998600Z })
Int(Point { tx_id: 14943642406637564962, name: "/App/ied12/db902_panel_controls/Settings.CraneMode.ActiveWinch", value: 3, status: Ok, cot: Inf, timestamp: 2024-04-04T11:15:24.659175284Z })
Int(Point { tx_id: 14943642406637564962, name: "/App/ied12/db902_panel_controls/Settings.CraneMode.Winch1Mode", value: 5, status: Ok, cot: Inf, timestamp: 2024-04-04T11:15:25.059351879Z })
Int(Point { tx_id: 14943642406637564962, name: "/App/ied12/db902_panel_controls/Settings.CraneMode.WaveHeightLevel", value: 7, status: Ok, cot: Inf, timestamp: 2024-04-04T11:15:25.459533718Z })
Int(Point { tx_id: 14943642406637564962, name: "/App/ied12/db902_panel_controls/Settings.CraneMode.ConstantTensionLevel", value: 2, status: Ok, cot: Inf, timestamp: 2024-04-04T11:15:25.859709643Z })
Int(Point { tx_id: 14943642406637564962, name: "/App/ied12/db902_panel_controls/Settings.CraneMode.SetRelativeDepth", value: 7, status: Ok, cot: Inf, timestamp: 2024-04-04T11:15:26.259794724Z })
Int(Point { tx_id: 14943642406637564962, name: "/App/ied12/db902_panel_controls/Settings.CraneMode.ResetRelativeDepth", value: 0, status: Ok, cot: Inf, timestamp: 2024-04-04T11:15:26.659970190Z })
Int(Point { tx_id: 14943642406637564962, name: "/App/ied12/db902_panel_controls/Settings.CraneMode.MainMode", value: 8, status: Ok, cot: Inf, timestamp: 2024-04-04T11:15:27.060160603Z })
Int(Point { tx_id: 14943642406637564962, name: "/App/ied12/db902_panel_controls/Settings.CraneMode.ActiveWinch", value: 5, status: Ok, cot: Inf, timestamp: 2024-04-04T11:15:27.460345202Z })
Int(Point { tx_id: 14943642406637564962, name: "/App/ied12/db902_panel_controls/Settings.CraneMode.Winch1Mode", value: 2, status: Ok, cot: Inf, timestamp: 2024-04-04T11:15:27.860536149Z })
Int(Point { tx_id: 14943642406637564962, name: "/App/ied12/db902_panel_controls/Settings.CraneMode.WaveHeightLevel", value: 2, status: Ok, cot: Inf, timestamp: 2024-04-04T11:15:28.260728471Z })
Int(Point { tx_id: 14943642406637564962, name: "/App/ied12/db902_panel_controls/Settings.CraneMode.ConstantTensionLevel", value: 6, status: Ok, cot: Inf, timestamp: 2024-04-04T11:15:28.660906238Z })
Int(Point { tx_id: 14943642406637564962, name: "/App/ied12/db902_panel_controls/Settings.CraneMode.SetRelativeDepth", value: 9, status: Ok, cot: Inf, timestamp: 2024-04-04T11:15:29.060971547Z })
Int(Point { tx_id: 14943642406637564962, name: "/App/ied12/db902_panel_controls/Settings.CraneMode.ResetRelativeDepth", value: 4, status: Ok, cot: Inf, timestamp: 2024-04-04T11:15:29.461039863Z })
Int(Point { tx_id: 14943642406637564962, name: "/App/ied12/db902_panel_controls/Settings.CraneMode.MainMode", value: 3, status: Ok, cot: Inf, timestamp: 2024-04-04T11:15:29.861219778Z })
Int(Point { tx_id: 14943642406637564962, name: "/App/ied12/db902_panel_controls/Settings.CraneMode.ActiveWinch", value: 7, status: Ok, cot: Inf, timestamp: 2024-04-04T11:15:30.261418284Z })
Int(Point { tx_id: 14943642406637564962, name: "/App/ied12/db902_panel_controls/Settings.CraneMode.Winch1Mode", value: 5, status: Ok, cot: Inf, timestamp: 2024-04-04T11:15:30.661603080Z })
Int(Point { tx_id: 14943642406637564962, name: "/App/ied12/db902_panel_controls/Settings.CraneMode.WaveHeightLevel", value: 9, status: Ok, cot: Inf, timestamp: 2024-04-04T11:15:31.061778928Z })
Int(Point { tx_id: 14943642406637564962, name: "/App/ied12/db902_panel_controls/Settings.CraneMode.ConstantTensionLevel", value: 0, status: Ok, cot: Inf, timestamp: 2024-04-04T11:15:31.461886945Z })
Int(Point { tx_id: 14943642406637564962, name: "/App/ied12/db902_panel_controls/Settings.CraneMode.SetRelativeDepth", value: 5, status: Ok, cot: Inf, timestamp: 2024-04-04T11:15:31.862059218Z })
Int(Point { tx_id: 14943642406637564962, name: "/App/ied12/db902_panel_controls/Settings.CraneMode.ResetRelativeDepth", value: 5, status: Ok, cot: Inf, timestamp: 2024-04-04T11:15:32.262157443Z })
Int(Point { tx_id: 14943642406637564962, name: "/App/ied12/db902_panel_controls/Settings.CraneMode.MainMode", value: 6, status: Ok, cot: Inf, timestamp: 2024-04-04T11:15:32.662335475Z })
Int(Point { tx_id: 14943642406637564962, name: "/App/ied12/db902_panel_controls/Settings.CraneMode.ActiveWinch", value: 5, status: Ok, cot: Inf, timestamp: 2024-04-04T11:15:33.062501356Z })
Int(Point { tx_id: 14943642406637564962, name: "/App/ied12/db902_panel_controls/Settings.CraneMode.Winch1Mode", value: 6, status: Ok, cot: Inf, timestamp: 2024-04-04T11:15:33.462677108Z })
Int(Point { tx_id: 14943642406637564962, name: "/App/ied12/db902_panel_controls/Settings.CraneMode.WaveHeightLevel", value: 1, status: Ok, cot: Inf, timestamp: 2024-04-04T11:15:33.862786990Z })
Int(Point { tx_id: 14943642406637564962, name: "/App/ied12/db902_panel_controls/Settings.CraneMode.ConstantTensionLevel", value: 5, status: Ok, cot: Inf, timestamp: 2024-04-04T11:15:34.262868648Z })
Int(Point { tx_id: 14943642406637564962, name: "/App/ied12/db902_panel_controls/Settings.CraneMode.SetRelativeDepth", value: 0, status: Ok, cot: Inf, timestamp: 2024-04-04T11:15:34.662952210Z })
Int(Point { tx_id: 14943642406637564962, name: "/App/ied12/db902_panel_controls/Settings.CraneMode.ResetRelativeDepth", value: 0, status: Ok, cot: Inf, timestamp: 2024-04-04T11:15:35.063117342Z })
Int(Point { tx_id: 14943642406637564962, name: "/App/ied12/db902_panel_controls/Settings.CraneMode.MainMode", value: 6, status: Ok, cot: Inf, timestamp: 2024-04-04T11:15:35.463295130Z })
Int(Point { tx_id: 14943642406637564962, name: "/App/ied12/db902_panel_controls/Settings.CraneMode.ActiveWinch", value: 0, status: Ok, cot: Inf, timestamp: 2024-04-04T11:15:35.863477642Z })
Int(Point { tx_id: 14943642406637564962, name: "/App/ied12/db902_panel_controls/Settings.CraneMode.Winch1Mode", value: 5, status: Ok, cot: Inf, timestamp: 2024-04-04T11:15:36.263653123Z })
Int(Point { tx_id: 14943642406637564962, name: "/App/ied12/db902_panel_controls/Settings.CraneMode.WaveHeightLevel", value: 8, status: Ok, cot: Inf, timestamp: 2024-04-04T11:15:36.663724140Z })
Int(Point { tx_id: 14943642406637564962, name: "/App/ied12/db902_panel_controls/Settings.CraneMode.ConstantTensionLevel", value: 8, status: Ok, cot: Inf, timestamp: 2024-04-04T11:15:37.063783793Z })
Int(Point { tx_id: 14943642406637564962, name: "/App/ied12/db902_panel_controls/Settings.CraneMode.SetRelativeDepth", value: 2, status: Ok, cot: Inf, timestamp: 2024-04-04T11:15:37.463865420Z })
Int(Point { tx_id: 14943642406637564962, name: "/App/ied12/db902_panel_controls/Settings.CraneMode.ResetRelativeDepth", value: 7, status: Ok, cot: Inf, timestamp: 2024-04-04T11:15:37.863927294Z })
Int(Point { tx_id: 14943642406637564962, name: "/App/ied12/db902_panel_controls/Settings.CraneMode.MainMode", value: 2, status: Ok, cot: Inf, timestamp: 2024-04-04T11:15:38.263988236Z })
Int(Point { tx_id: 14943642406637564962, name: "/App/ied12/db902_panel_controls/Settings.CraneMode.ActiveWinch", value: 0, status: Ok, cot: Inf, timestamp: 2024-04-04T11:15:38.664177264Z })
Int(Point { tx_id: 14943642406637564962, name: "/App/ied12/db902_panel_controls/Settings.CraneMode.Winch1Mode", value: 2, status: Ok, cot: Inf, timestamp: 2024-04-04T11:15:39.064368595Z })
Int(Point { tx_id: 14943642406637564962, name: "/App/ied12/db902_panel_controls/Settings.CraneMode.WaveHeightLevel", value: 9, status: Ok, cot: Inf, timestamp: 2024-04-04T11:15:39.464553495Z })
Int(Point { tx_id: 14943642406637564962, name: "/App/ied12/db902_panel_controls/Settings.CraneMode.ConstantTensionLevel", value: 5, status: Ok, cot: Inf, timestamp: 2024-04-04T11:15:39.864737276Z })
Int(Point { tx_id: 14943642406637564962, name: "/App/ied12/db902_panel_controls/Settings.CraneMode.SetRelativeDepth", value: 9, status: Ok, cot: Inf, timestamp: 2024-04-04T11:15:40.264812653Z })
Int(Point { tx_id: 14943642406637564962, name: "/App/ied12/db902_panel_controls/Settings.CraneMode.ResetRelativeDepth", value: 0, status: Ok, cot: Inf, timestamp: 2024-04-04T11:15:40.664874765Z })
Int(Point { tx_id: 14943642406637564962, name: "/App/ied12/db902_panel_controls/Settings.CraneMode.MainMode", value: 0, status: Ok, cot: Inf, timestamp: 2024-04-04T11:15:41.064943295Z })
Int(Point { tx_id: 14943642406637564962, name: "/App/ied12/db902_panel_controls/Settings.CraneMode.ActiveWinch", value: 5, status: Ok, cot: Inf, timestamp: 2024-04-04T11:15:41.465066802Z })
Int(Point { tx_id: 14943642406637564962, name: "/App/ied12/db902_panel_controls/Settings.CraneMode.Winch1Mode", value: 4, status: Ok, cot: Inf, timestamp: 2024-04-04T11:15:41.865146551Z })
Int(Point { tx_id: 14943642406637564962, name: "/App/ied12/db902_panel_controls/Settings.CraneMode.WaveHeightLevel", value: 8, status: Ok, cot: Inf, timestamp: 2024-04-04T11:15:42.265248205Z })
Int(Point { tx_id: 14943642406637564962, name: "/App/ied12/db902_panel_controls/Settings.CraneMode.ConstantTensionLevel", value: 0, status: Ok, cot: Inf, timestamp: 2024-04-04T11:15:42.665334871Z })
Int(Point { tx_id: 14943642406637564962, name: "/App/ied12/db902_panel_controls/Settings.CraneMode.SetRelativeDepth", value: 5, status: Ok, cot: Inf, timestamp: 2024-04-04T11:15:43.065398133Z })
Int(Point { tx_id: 14943642406637564962, name: "/App/ied12/db902_panel_controls/Settings.CraneMode.ResetRelativeDepth", value: 6, status: Ok, cot: Inf, timestamp: 2024-04-04T11:15:43.465581352Z })
Int(Point { tx_id: 14943642406637564962, name: "/App/ied12/db902_panel_controls/Settings.CraneMode.MainMode", value: 0, status: Ok, cot: Inf, timestamp: 2024-04-04T11:15:43.865739719Z })
Int(Point { tx_id: 14943642406637564962, name: "/App/ied12/db902_panel_controls/Settings.CraneMode.ActiveWinch", value: 6, status: Ok, cot: Inf, timestamp: 2024-04-04T11:15:44.265900137Z })
Int(Point { tx_id: 14943642406637564962, name: "/App/ied12/db902_panel_controls/Settings.CraneMode.Winch1Mode", value: 1, status: Ok, cot: Inf, timestamp: 2024-04-04T11:15:44.665995791Z })
Int(Point { tx_id: 14943642406637564962, name: "/App/ied12/db902_panel_controls/Settings.CraneMode.WaveHeightLevel", value: 2, status: Ok, cot: Inf, timestamp: 2024-04-04T11:15:45.066179903Z })
Int(Point { tx_id: 14943642406637564962, name: "/App/ied12/db902_panel_controls/Settings.CraneMode.ConstantTensionLevel", value: 4, status: Ok, cot: Inf, timestamp: 2024-04-04T11:15:45.466255876Z })
Int(Point { tx_id: 14943642406637564962, name: "/App/ied12/db902_panel_controls/Settings.CraneMode.SetRelativeDepth", value: 0, status: Ok, cot: Inf, timestamp: 2024-04-04T11:15:45.866426927Z })
Int(Point { tx_id: 14943642406637564962, name: "/App/ied12/db902_panel_controls/Settings.CraneMode.ResetRelativeDepth", value: 7, status: Ok, cot: Inf, timestamp: 2024-04-04T11:15:46.266504704Z })
Int(Point { tx_id: 14943642406637564962, name: "/App/ied12/db902_panel_controls/Settings.CraneMode.MainMode", value: 9, status: Ok, cot: Inf, timestamp: 2024-04-04T11:15:46.666583395Z })
Int(Point { tx_id: 14943642406637564962, name: "/App/ied12/db902_panel_controls/Settings.CraneMode.ActiveWinch", value: 8, status: Ok, cot: Inf, timestamp: 2024-04-04T11:15:47.066679131Z })
Int(Point { tx_id: 14943642406637564962, name: "/App/ied12/db902_panel_controls/Settings.CraneMode.Winch1Mode", value: 5, status: Ok, cot: Inf, timestamp: 2024-04-04T11:15:47.466774978Z })
Int(Point { tx_id: 14943642406637564962, name: "/App/ied12/db902_panel_controls/Settings.CraneMode.WaveHeightLevel", value: 8, status: Ok, cot: Inf, timestamp: 2024-04-04T11:15:47.866936370Z })
Int(Point { tx_id: 14943642406637564962, name: "/App/ied12/db902_panel_controls/Settings.CraneMode.ConstantTensionLevel", value: 6, status: Ok, cot: Inf, timestamp: 2024-04-04T11:15:48.266993496Z })
Int(Point { tx_id: 14943642406637564962, name: "/App/ied12/db902_panel_controls/Settings.CraneMode.SetRelativeDepth", value: 9, status: Ok, cot: Inf, timestamp: 2024-04-04T11:15:48.667071789Z })
Int(Point { tx_id: 14943642406637564962, name: "/App/ied12/db902_panel_controls/Settings.CraneMode.ResetRelativeDepth", value: 3, status: Ok, cot: Inf, timestamp: 2024-04-04T11:15:49.067237464Z })
Int(Point { tx_id: 14943642406637564962, name: "/App/ied12/db902_panel_controls/Settings.CraneMode.MainMode", value: 1, status: Ok, cot: Inf, timestamp: 2024-04-04T11:15:49.467303449Z })
Int(Point { tx_id: 14943642406637564962, name: "/App/ied12/db902_panel_controls/Settings.CraneMode.ActiveWinch", value: 2, status: Ok, cot: Inf, timestamp: 2024-04-04T11:15:49.867397078Z })
Int(Point { tx_id: 14943642406637564962, name: "/App/ied12/db902_panel_controls/Settings.CraneMode.Winch1Mode", value: 3, status: Ok, cot: Inf, timestamp: 2024-04-04T11:15:50.267464093Z })
Int(Point { tx_id: 14943642406637564962, name: "/App/ied12/db902_panel_controls/Settings.CraneMode.WaveHeightLevel", value: 1, status: Ok, cot: Inf, timestamp: 2024-04-04T11:15:50.667528879Z })
Int(Point { tx_id: 14943642406637564962, name: "/App/ied12/db902_panel_controls/Settings.CraneMode.ConstantTensionLevel", value: 2, status: Ok, cot: Inf, timestamp: 2024-04-04T11:15:51.067616978Z })
Int(Point { tx_id: 14943642406637564962, name: "/App/ied12/db902_panel_controls/Settings.CraneMode.SetRelativeDepth", value: 2, status: Ok, cot: Inf, timestamp: 2024-04-04T11:15:51.467790538Z })
Int(Point { tx_id: 14943642406637564962, name: "/App/ied12/db902_panel_controls/Settings.CraneMode.ResetRelativeDepth", value: 4, status: Ok, cot: Inf, timestamp: 2024-04-04T11:15:51.867957177Z })
Int(Point { tx_id: 14943642406637564962, name: "/App/ied12/db902_panel_controls/Settings.CraneMode.MainMode", value: 8, status: Ok, cot: Inf, timestamp: 2024-04-04T11:15:52.268048459Z })
Int(Point { tx_id: 14943642406637564962, name: "/App/ied12/db902_panel_controls/Settings.CraneMode.ActiveWinch", value: 5, status: Ok, cot: Inf, timestamp: 2024-04-04T11:15:52.668104385Z })
Int(Point { tx_id: 14943642406637564962, name: "/App/ied12/db902_panel_controls/Settings.CraneMode.Winch1Mode", value: 2, status: Ok, cot: Inf, timestamp: 2024-04-04T11:15:53.068259625Z })
