

	/App/Jds/127.0.0.1 (11993869902382985511)[
  "ReqCon:/App/ied12/db902_panel_controls/Settings.CraneMode.MainMode",
  "ReqErr:/App/ied12/db902_panel_controls/Settings.CraneMode.MainMode",
  "ReqCon:/App/ied12/db902_panel_controls/Settings.CraneMode.ActiveWinch",
  "ReqErr:/App/ied12/db902_panel_controls/Settings.CraneMode.ActiveWinch",
  "ReqCon:/App/ied12/db902_panel_controls/Settings.CraneMode.Winch1Mode",
  "ReqErr:/App/ied12/db902_panel_controls/Settings.CraneMode.Winch1Mode",
  "ReqCon:/App/ied12/db902_panel_controls/Settings.CraneMode.WaveHeightLevel",
  "ReqErr:/App/ied12/db902_panel_controls/Settings.CraneMode.WaveHeightLevel",
  "ReqCon:/App/ied12/db902_panel_controls/Settings.CraneMode.ConstantTensionLevel",
  "ReqErr:/App/ied12/db902_panel_controls/Settings.CraneMode.ConstantTensionLevel",
  "ReqCon:/App/ied12/db902_panel_controls/Settings.CraneMode.SetRelativeDepth",
  "ReqErr:/App/ied12/db902_panel_controls/Settings.CraneMode.SetRelativeDepth",
  "ReqCon:/App/ied12/db902_panel_controls/Settings.CraneMode.ResetRelativeDepth",
  "ReqErr:/App/ied12/db902_panel_controls/Settings.CraneMode.ResetRelativeDepth",
  "ReqCon:/App/ied13/db905_visual_data_fast/Winch.ValveEV1",
  "ReqErr:/App/ied13/db905_visual_data_fast/Winch.ValveEV1",
  "ReqCon:/App/ied13/db905_visual_data_fast/Winch.ValveEV2",
  "ReqErr:/App/ied13/db905_visual_data_fast/Winch.ValveEV2",
  "ReqCon:/App/ied13/db905_visual_data_fast/Winch.LimitSwitchDown",
  "ReqErr:/App/ied13/db905_visual_data_fast/Winch.LimitSwitchDown",
  "ReqCon:/App/ied13/db905_visual_data_fast/Winch.Hydromotor1Active",
  "ReqErr:/App/ied13/db905_visual_data_fast/Winch.Hydromotor1Active",
  "ReqCon:/App/ied13/db905_visual_data_fast/Winch.Hydromotor2Active",
  "ReqErr:/App/ied13/db905_visual_data_fast/Winch.Hydromotor2Active",
  "ReqCon:/App/ied13/db905_visual_data_fast/Winch.EncoderBR1",
  "ReqErr:/App/ied13/db905_visual_data_fast/Winch.EncoderBR1",
  "ReqCon:/App/ied13/db905_visual_data_fast/Winch.EncoderBR2",
  "ReqErr:/App/ied13/db905_visual_data_fast/Winch.EncoderBR2",
  "ReqCon:/App/ied13/db905_visual_data_fast/Winch.LVDT1",
  "ReqErr:/App/ied13/db905_visual_data_fast/Winch.LVDT1",
  "ReqCon:/App/ied13/db905_visual_data_fast/Winch.LVDT2",
  "ReqErr:/App/ied13/db905_visual_data_fast/Winch.LVDT2",
  "ReqCon:/App/ied14/db906_visual_data/CraneMovement.RotateLeft",
  "ReqErr:/App/ied14/db906_visual_data/CraneMovement.RotateLeft",
  "ReqCon:/App/ied14/db906_visual_data/CraneMovement.RotateRight",
  "ReqErr:/App/ied14/db906_visual_data/CraneMovement.RotateRight",
  "ReqCon:/App/ied14/db906_visual_data/CraneMovement.OutreachFwd",
  "ReqErr:/App/ied14/db906_visual_data/CraneMovement.OutreachFwd",
  "ReqCon:/App/ied14/db906_visual_data/CraneMovement.OutreachRev",
  "ReqErr:/App/ied14/db906_visual_data/CraneMovement.OutreachRev",
  "ReqCon:/App/ied14/db906_visual_data/CraneMovement.JibUp",
  "ReqErr:/App/ied14/db906_visual_data/CraneMovement.JibUp",
  "ReqCon:/App/ied14/db906_visual_data/CraneMovement.JibDown",
  "ReqErr:/App/ied14/db906_visual_data/CraneMovement.JibDown",
  "ReqCon:/App/ied14/db906_visual_data/CraneMovement.BoomUp",
  "ReqErr:/App/ied14/db906_visual_data/CraneMovement.BoomUp",
  "ReqCon:/App/ied14/db906_visual_data/CraneMovement.BoomDown",
  "ReqErr:/App/ied14/db906_visual_data/CraneMovement.BoomDown",
  "ReqCon:/App/ied14/db906_visual_data/CraneMovement.WinchUp",
  "ReqErr:/App/ied14/db906_visual_data/CraneMovement.WinchUp",
  "ReqCon:/App/ied14/db906_visual_data/CraneMovement.WinchDown",
  "ReqErr:/App/ied14/db906_visual_data/CraneMovement.WinchDown",
  "ReqCon:/App/ied14/db906_visual_data/CraneMode.MainMode",
  "ReqErr:/App/ied14/db906_visual_data/CraneMode.MainMode",
  "ReqCon:/App/ied14/db906_visual_data/CraneMode.ActiveWinch",
  "ReqErr:/App/ied14/db906_visual_data/CraneMode.ActiveWinch",
  "ReqCon:/App/ied14/db906_visual_data/CraneMode.Winch1Mode",
  "ReqErr:/App/ied14/db906_visual_data/CraneMode.Winch1Mode",
  "ReqCon:/App/ied14/db906_visual_data/CraneMode.WaveHeightLevel",
  "ReqErr:/App/ied14/db906_visual_data/CraneMode.WaveHeightLevel",
  "ReqCon:/App/ied14/db906_visual_data/CraneMode.CraneOffshore",
  "ReqErr:/App/ied14/db906_visual_data/CraneMode.CraneOffshore",
  "ReqCon:/App/ied14/db906_visual_data/CraneMode.ParkingModeActive",
  "ReqErr:/App/ied14/db906_visual_data/CraneMode.ParkingModeActive",
  "ReqCon:/App/ied14/db906_visual_data/CraneMode.MOPS",
  "ReqErr:/App/ied14/db906_visual_data/CraneMode.MOPS",
  "ReqCon:/App/ied14/db906_visual_data/CraneMode.AOPS",
  "ReqErr:/App/ied14/db906_visual_data/CraneMode.AOPS",
  "ReqCon:/App/ied14/db906_visual_data/CraneMode.AHC",
  "ReqErr:/App/ied14/db906_visual_data/CraneMode.AHC",
  "ReqCon:/App/ied14/db906_visual_data/CraneMode.WinchBrake",
  "ReqErr:/App/ied14/db906_visual_data/CraneMode.WinchBrake",
  "ReqCon:/App/ied14/db906_visual_data/CraneMode.SWLProtection",
  "ReqErr:/App/ied14/db906_visual_data/CraneMode.SWLProtection",
  "ReqCon:/App/ied14/db906_visual_data/CraneMode.Reserve1",
  "ReqErr:/App/ied14/db906_visual_data/CraneMode.Reserve1",
  "ReqCon:/App/ied14/db906_visual_data/CraneMode.Reserve2",
  "ReqErr:/App/ied14/db906_visual_data/CraneMode.Reserve2",
  "ReqCon:/App/ied14/db906_visual_data/CraneMode.Reserve3",
  "ReqErr:/App/ied14/db906_visual_data/CraneMode.Reserve3",
  "ReqCon:/App/ied14/db906_visual_data/ConstantTension.Level",
  "ReqErr:/App/ied14/db906_visual_data/ConstantTension.Level",
  "ReqCon:/App/ied14/db906_visual_data/ConstantTension.Active",
  "ReqErr:/App/ied14/db906_visual_data/ConstantTension.Active",
  "ReqCon:/App/ied14/db906_visual_data/ConstantTension.Reserve1",
  "ReqErr:/App/ied14/db906_visual_data/ConstantTension.Reserve1",
  "ReqCon:/App/ied14/db906_visual_data/ConstantTension.Reserve2",
  "ReqErr:/App/ied14/db906_visual_data/ConstantTension.Reserve2",
  "ReqCon:/App/ied14/db906_visual_data/ConstantTension.Reserve3",
  "ReqErr:/App/ied14/db906_visual_data/ConstantTension.Reserve3",
  "ReqCon:/App/ied14/db906_visual_data/Hook.X",
  "ReqErr:/App/ied14/db906_visual_data/Hook.X",
  "ReqCon:/App/ied14/db906_visual_data/Hook.Y",
  "ReqErr:/App/ied14/db906_visual_data/Hook.Y",
  "ReqCon:/App/ied14/db906_visual_data/Hook.Speed",
  "ReqErr:/App/ied14/db906_visual_data/Hook.Speed",
  "ReqCon:/App/ied14/db906_visual_data/Crane.Radius",
  "ReqErr:/App/ied14/db906_visual_data/Crane.Radius",
  "ReqCon:/App/ied14/db906_visual_data/Crane.Depth",
  "ReqErr:/App/ied14/db906_visual_data/Crane.Depth",
  "ReqCon:/App/ied14/db906_visual_data/Crane.DeckDepth",
  "ReqErr:/App/ied14/db906_visual_data/Crane.DeckDepth",
  "ReqCon:/App/ied14/db906_visual_data/Crane.Wind",
  "ReqErr:/App/ied14/db906_visual_data/Crane.Wind",
  "ReqCon:/App/ied14/db906_visual_data/Crane.Pitch",
  "ReqErr:/App/ied14/db906_visual_data/Crane.Pitch",
  "ReqCon:/App/ied14/db906_visual_data/Crane.Roll",
  "ReqErr:/App/ied14/db906_visual_data/Crane.Roll",
  "ReqCon:/App/ied14/db906_visual_data/Crane.Slewing",
  "ReqErr:/App/ied14/db906_visual_data/Crane.Slewing",
  "ReqCon:/App/ied14/db906_visual_data/Crane.BoomAngle",
  "ReqErr:/App/ied14/db906_visual_data/Crane.BoomAngle",
  "ReqCon:/App/ied14/db906_visual_data/Crane.JibAngle",
  "ReqErr:/App/ied14/db906_visual_data/Crane.JibAngle",
  "ReqCon:/App/ied14/db906_visual_data/Crane.Reserve1",
  "ReqErr:/App/ied14/db906_visual_data/Crane.Reserve1",
  "ReqCon:/App/ied14/db906_visual_data/Crane.Reserve2",
  "ReqErr:/App/ied14/db906_visual_data/Crane.Reserve2",
  "ReqCon:/App/ied14/db906_visual_data/Crane.Reserve3",
  "ReqErr:/App/ied14/db906_visual_data/Crane.Reserve3",
  "ReqCon:/App/ied14/db906_visual_data/Winch1.SWL0",
  "ReqErr:/App/ied14/db906_visual_data/Winch1.SWL0",
  "ReqCon:/App/ied14/db906_visual_data/Winch1.SWL",
  "ReqErr:/App/ied14/db906_visual_data/Winch1.SWL",
  "ReqCon:/App/ied14/db906_visual_data/Winch1.Load",
  "ReqErr:/App/ied14/db906_visual_data/Winch1.Load",
  "ReqCon:/App/ied14/db906_visual_data/Winch2.SWL0",
  "ReqErr:/App/ied14/db906_visual_data/Winch2.SWL0",
  "ReqCon:/App/ied14/db906_visual_data/Winch2.SWL",
  "ReqErr:/App/ied14/db906_visual_data/Winch2.SWL",
  "ReqCon:/App/ied14/db906_visual_data/Winch2.Load",
  "ReqErr:/App/ied14/db906_visual_data/Winch2.Load",
  "ReqCon:/App/ied14/db906_visual_data/Winch3.SWL0",
  "ReqErr:/App/ied14/db906_visual_data/Winch3.SWL0",
  "ReqCon:/App/ied14/db906_visual_data/Winch3.SWL",
  "ReqErr:/App/ied14/db906_visual_data/Winch3.SWL",
  "ReqCon:/App/ied14/db906_visual_data/Winch3.Load",
  "ReqErr:/App/ied14/db906_visual_data/Winch3.Load",
  "ReqCon:/App/ied14/db906_visual_data/HPU.Pump1.State",
  "ReqErr:/App/ied14/db906_visual_data/HPU.Pump1.State",
  "ReqCon:/App/ied14/db906_visual_data/HPU.Pump2.State",
  "ReqErr:/App/ied14/db906_visual_data/HPU.Pump2.State",
  "ReqCon:/App/ied14/db906_visual_data/HPU.EmergencyHPU.State",
  "ReqErr:/App/ied14/db906_visual_data/HPU.EmergencyHPU.State",
  "ReqCon:/App/ied14/db906_visual_data/HPU.OilTemp",
  "ReqErr:/App/ied14/db906_visual_data/HPU.OilTemp"
]

	/App/Jds/127.0.0.1 (11993869902382985511)[
  "Inf:/App/ied12/db902_panel_controls/Settings.CraneMode.ActiveWinch",
  "ActCon:/App/ied12/db902_panel_controls/Settings.CraneMode.ActiveWinch",
  "ActErr:/App/ied12/db902_panel_controls/Settings.CraneMode.ActiveWinch",
  "Inf:/App/ied12/db902_panel_controls/Settings.CraneMode.ConstantTensionLevel",
  "ActCon:/App/ied12/db902_panel_controls/Settings.CraneMode.ConstantTensionLevel",
  "ActErr:/App/ied12/db902_panel_controls/Settings.CraneMode.ConstantTensionLevel",
  "Inf:/App/ied12/db902_panel_controls/Settings.CraneMode.MainMode",
  "ActCon:/App/ied12/db902_panel_controls/Settings.CraneMode.MainMode",
  "ActErr:/App/ied12/db902_panel_controls/Settings.CraneMode.MainMode",
  "Inf:/App/ied12/db902_panel_controls/Settings.CraneMode.ResetRelativeDepth",
  "ActCon:/App/ied12/db902_panel_controls/Settings.CraneMode.ResetRelativeDepth",
  "ActErr:/App/ied12/db902_panel_controls/Settings.CraneMode.ResetRelativeDepth",
  "Inf:/App/ied12/db902_panel_controls/Settings.CraneMode.SetRelativeDepth",
  "ActCon:/App/ied12/db902_panel_controls/Settings.CraneMode.SetRelativeDepth",
  "ActErr:/App/ied12/db902_panel_controls/Settings.CraneMode.SetRelativeDepth",
  "Inf:/App/ied12/db902_panel_controls/Settings.CraneMode.WaveHeightLevel",
  "ActCon:/App/ied12/db902_panel_controls/Settings.CraneMode.WaveHeightLevel",
  "ActErr:/App/ied12/db902_panel_controls/Settings.CraneMode.WaveHeightLevel",
  "Inf:/App/ied12/db902_panel_controls/Settings.CraneMode.Winch1Mode",
  "ActCon:/App/ied12/db902_panel_controls/Settings.CraneMode.Winch1Mode",
  "ActErr:/App/ied12/db902_panel_controls/Settings.CraneMode.Winch1Mode",
  "Inf:/App/ied13/db905_visual_data_fast/Winch.EncoderBR1",
  "ActCon:/App/ied13/db905_visual_data_fast/Winch.EncoderBR1",
  "ActErr:/App/ied13/db905_visual_data_fast/Winch.EncoderBR1",
  "Inf:/App/ied13/db905_visual_data_fast/Winch.EncoderBR2",
  "ActCon:/App/ied13/db905_visual_data_fast/Winch.EncoderBR2",
  "ActErr:/App/ied13/db905_visual_data_fast/Winch.EncoderBR2",
  "Inf:/App/ied13/db905_visual_data_fast/Winch.Hydromotor1Active",
  "ActCon:/App/ied13/db905_visual_data_fast/Winch.Hydromotor1Active",
  "ActErr:/App/ied13/db905_visual_data_fast/Winch.Hydromotor1Active",
  "Inf:/App/ied13/db905_visual_data_fast/Winch.Hydromotor2Active",
  "ActCon:/App/ied13/db905_visual_data_fast/Winch.Hydromotor2Active",
  "ActErr:/App/ied13/db905_visual_data_fast/Winch.Hydromotor2Active",
  "Inf:/App/ied13/db905_visual_data_fast/Winch.LVDT1",
  "ActCon:/App/ied13/db905_visual_data_fast/Winch.LVDT1",
  "ActErr:/App/ied13/db905_visual_data_fast/Winch.LVDT1",
  "Inf:/App/ied13/db905_visual_data_fast/Winch.LVDT2",
  "ActCon:/App/ied13/db905_visual_data_fast/Winch.LVDT2",
  "ActErr:/App/ied13/db905_visual_data_fast/Winch.LVDT2",
  "Inf:/App/ied13/db905_visual_data_fast/Winch.LimitSwitchDown",
  "ActCon:/App/ied13/db905_visual_data_fast/Winch.LimitSwitchDown",
  "ActErr:/App/ied13/db905_visual_data_fast/Winch.LimitSwitchDown",
  "Inf:/App/ied13/db905_visual_data_fast/Winch.ValveEV1",
  "ActCon:/App/ied13/db905_visual_data_fast/Winch.ValveEV1",
  "ActErr:/App/ied13/db905_visual_data_fast/Winch.ValveEV1",
  "Inf:/App/ied13/db905_visual_data_fast/Winch.ValveEV2",
  "ActCon:/App/ied13/db905_visual_data_fast/Winch.ValveEV2",
  "ActErr:/App/ied13/db905_visual_data_fast/Winch.ValveEV2",
  "Inf:/App/ied14/db906_visual_data/ConstantTension.Active",
  "ActCon:/App/ied14/db906_visual_data/ConstantTension.Active",
  "ActErr:/App/ied14/db906_visual_data/ConstantTension.Active",
  "Inf:/App/ied14/db906_visual_data/ConstantTension.Level",
  "ActCon:/App/ied14/db906_visual_data/ConstantTension.Level",
  "ActErr:/App/ied14/db906_visual_data/ConstantTension.Level",
  "Inf:/App/ied14/db906_visual_data/ConstantTension.Reserve1",
  "ActCon:/App/ied14/db906_visual_data/ConstantTension.Reserve1",
  "ActErr:/App/ied14/db906_visual_data/ConstantTension.Reserve1",
  "Inf:/App/ied14/db906_visual_data/ConstantTension.Reserve2",
  "ActCon:/App/ied14/db906_visual_data/ConstantTension.Reserve2",
  "ActErr:/App/ied14/db906_visual_data/ConstantTension.Reserve2",
  "Inf:/App/ied14/db906_visual_data/ConstantTension.Reserve3",
  "ActCon:/App/ied14/db906_visual_data/ConstantTension.Reserve3",
  "ActErr:/App/ied14/db906_visual_data/ConstantTension.Reserve3",
  "Inf:/App/ied14/db906_visual_data/Crane.BoomAngle",
  "ActCon:/App/ied14/db906_visual_data/Crane.BoomAngle",
  "ActErr:/App/ied14/db906_visual_data/Crane.BoomAngle",
  "Inf:/App/ied14/db906_visual_data/Crane.DeckDepth",
  "ActCon:/App/ied14/db906_visual_data/Crane.DeckDepth",
  "ActErr:/App/ied14/db906_visual_data/Crane.DeckDepth",
  "Inf:/App/ied14/db906_visual_data/Crane.Depth",
  "ActCon:/App/ied14/db906_visual_data/Crane.Depth",
  "ActErr:/App/ied14/db906_visual_data/Crane.Depth",
  "Inf:/App/ied14/db906_visual_data/Crane.JibAngle",
  "ActCon:/App/ied14/db906_visual_data/Crane.JibAngle",
  "ActErr:/App/ied14/db906_visual_data/Crane.JibAngle",
  "Inf:/App/ied14/db906_visual_data/Crane.Pitch",
  "ActCon:/App/ied14/db906_visual_data/Crane.Pitch",
  "ActErr:/App/ied14/db906_visual_data/Crane.Pitch",
  "Inf:/App/ied14/db906_visual_data/Crane.Radius",
  "ActCon:/App/ied14/db906_visual_data/Crane.Radius",
  "ActErr:/App/ied14/db906_visual_data/Crane.Radius",
  "Inf:/App/ied14/db906_visual_data/Crane.Reserve1",
  "ActCon:/App/ied14/db906_visual_data/Crane.Reserve1",
  "ActErr:/App/ied14/db906_visual_data/Crane.Reserve1",
  "Inf:/App/ied14/db906_visual_data/Crane.Reserve2",
  "ActCon:/App/ied14/db906_visual_data/Crane.Reserve2",
  "ActErr:/App/ied14/db906_visual_data/Crane.Reserve2",
  "Inf:/App/ied14/db906_visual_data/Crane.Reserve3",
  "ActCon:/App/ied14/db906_visual_data/Crane.Reserve3",
  "ActErr:/App/ied14/db906_visual_data/Crane.Reserve3",
  "Inf:/App/ied14/db906_visual_data/Crane.Roll",
  "ActCon:/App/ied14/db906_visual_data/Crane.Roll",
  "ActErr:/App/ied14/db906_visual_data/Crane.Roll",
  "Inf:/App/ied14/db906_visual_data/Crane.Slewing",
  "ActCon:/App/ied14/db906_visual_data/Crane.Slewing",
  "ActErr:/App/ied14/db906_visual_data/Crane.Slewing",
  "Inf:/App/ied14/db906_visual_data/Crane.Wind",
  "ActCon:/App/ied14/db906_visual_data/Crane.Wind",
  "ActErr:/App/ied14/db906_visual_data/Crane.Wind",
  "Inf:/App/ied14/db906_visual_data/CraneMode.AHC",
  "ActCon:/App/ied14/db906_visual_data/CraneMode.AHC",
  "ActErr:/App/ied14/db906_visual_data/CraneMode.AHC",
  "Inf:/App/ied14/db906_visual_data/CraneMode.AOPS",
  "ActCon:/App/ied14/db906_visual_data/CraneMode.AOPS",
  "ActErr:/App/ied14/db906_visual_data/CraneMode.AOPS",
  "Inf:/App/ied14/db906_visual_data/CraneMode.ActiveWinch",
  "ActCon:/App/ied14/db906_visual_data/CraneMode.ActiveWinch",
  "ActErr:/App/ied14/db906_visual_data/CraneMode.ActiveWinch",
  "Inf:/App/ied14/db906_visual_data/CraneMode.CraneOffshore",
  "ActCon:/App/ied14/db906_visual_data/CraneMode.CraneOffshore",
  "ActErr:/App/ied14/db906_visual_data/CraneMode.CraneOffshore",
  "Inf:/App/ied14/db906_visual_data/CraneMode.MOPS",
  "ActCon:/App/ied14/db906_visual_data/CraneMode.MOPS",
  "ActErr:/App/ied14/db906_visual_data/CraneMode.MOPS",
  "Inf:/App/ied14/db906_visual_data/CraneMode.MainMode",
  "ActCon:/App/ied14/db906_visual_data/CraneMode.MainMode",
  "ActErr:/App/ied14/db906_visual_data/CraneMode.MainMode",
  "Inf:/App/ied14/db906_visual_data/CraneMode.ParkingModeActive",
  "ActCon:/App/ied14/db906_visual_data/CraneMode.ParkingModeActive",
  "ActErr:/App/ied14/db906_visual_data/CraneMode.ParkingModeActive",
  "Inf:/App/ied14/db906_visual_data/CraneMode.Reserve1",
  "ActCon:/App/ied14/db906_visual_data/CraneMode.Reserve1",
  "ActErr:/App/ied14/db906_visual_data/CraneMode.Reserve1",
  "Inf:/App/ied14/db906_visual_data/CraneMode.Reserve2",
  "ActCon:/App/ied14/db906_visual_data/CraneMode.Reserve2",
  "ActErr:/App/ied14/db906_visual_data/CraneMode.Reserve2",
  "Inf:/App/ied14/db906_visual_data/CraneMode.Reserve3",
  "ActCon:/App/ied14/db906_visual_data/CraneMode.Reserve3",
  "ActErr:/App/ied14/db906_visual_data/CraneMode.Reserve3",
  "Inf:/App/ied14/db906_visual_data/CraneMode.SWLProtection",
  "ActCon:/App/ied14/db906_visual_data/CraneMode.SWLProtection",
  "ActErr:/App/ied14/db906_visual_data/CraneMode.SWLProtection",
  "Inf:/App/ied14/db906_visual_data/CraneMode.WaveHeightLevel",
  "ActCon:/App/ied14/db906_visual_data/CraneMode.WaveHeightLevel",
  "ActErr:/App/ied14/db906_visual_data/CraneMode.WaveHeightLevel",
  "Inf:/App/ied14/db906_visual_data/CraneMode.Winch1Mode",
  "ActCon:/App/ied14/db906_visual_data/CraneMode.Winch1Mode",
  "ActErr:/App/ied14/db906_visual_data/CraneMode.Winch1Mode",
  "Inf:/App/ied14/db906_visual_data/CraneMode.WinchBrake",
  "ActCon:/App/ied14/db906_visual_data/CraneMode.WinchBrake",
  "ActErr:/App/ied14/db906_visual_data/CraneMode.WinchBrake",
  "Inf:/App/ied14/db906_visual_data/CraneMovement.BoomDown",
  "ActCon:/App/ied14/db906_visual_data/CraneMovement.BoomDown",
  "ActErr:/App/ied14/db906_visual_data/CraneMovement.BoomDown",
  "Inf:/App/ied14/db906_visual_data/CraneMovement.BoomUp",
  "ActCon:/App/ied14/db906_visual_data/CraneMovement.BoomUp",
  "ActErr:/App/ied14/db906_visual_data/CraneMovement.BoomUp",
  "Inf:/App/ied14/db906_visual_data/CraneMovement.JibDown",
  "ActCon:/App/ied14/db906_visual_data/CraneMovement.JibDown",
  "ActErr:/App/ied14/db906_visual_data/CraneMovement.JibDown",
  "Inf:/App/ied14/db906_visual_data/CraneMovement.JibUp",
  "ActCon:/App/ied14/db906_visual_data/CraneMovement.JibUp",
  "ActErr:/App/ied14/db906_visual_data/CraneMovement.JibUp",
  "Inf:/App/ied14/db906_visual_data/CraneMovement.OutreachFwd",
  "ActCon:/App/ied14/db906_visual_data/CraneMovement.OutreachFwd",
  "ActErr:/App/ied14/db906_visual_data/CraneMovement.OutreachFwd",
  "Inf:/App/ied14/db906_visual_data/CraneMovement.OutreachRev",
  "ActCon:/App/ied14/db906_visual_data/CraneMovement.OutreachRev",
  "ActErr:/App/ied14/db906_visual_data/CraneMovement.OutreachRev",
  "Inf:/App/ied14/db906_visual_data/CraneMovement.RotateLeft",
  "ActCon:/App/ied14/db906_visual_data/CraneMovement.RotateLeft",
  "ActErr:/App/ied14/db906_visual_data/CraneMovement.RotateLeft",
  "Inf:/App/ied14/db906_visual_data/CraneMovement.RotateRight",
  "ActCon:/App/ied14/db906_visual_data/CraneMovement.RotateRight",
  "ActErr:/App/ied14/db906_visual_data/CraneMovement.RotateRight",
  "Inf:/App/ied14/db906_visual_data/CraneMovement.WinchDown",
  "ActCon:/App/ied14/db906_visual_data/CraneMovement.WinchDown",
  "ActErr:/App/ied14/db906_visual_data/CraneMovement.WinchDown",
  "Inf:/App/ied14/db906_visual_data/CraneMovement.WinchUp",
  "ActCon:/App/ied14/db906_visual_data/CraneMovement.WinchUp",
  "ActErr:/App/ied14/db906_visual_data/CraneMovement.WinchUp",
  "Inf:/App/ied14/db906_visual_data/HPU.EmergencyHPU.State",
  "ActCon:/App/ied14/db906_visual_data/HPU.EmergencyHPU.State",
  "ActErr:/App/ied14/db906_visual_data/HPU.EmergencyHPU.State",
  "Inf:/App/ied14/db906_visual_data/HPU.OilTemp",
  "ActCon:/App/ied14/db906_visual_data/HPU.OilTemp",
  "ActErr:/App/ied14/db906_visual_data/HPU.OilTemp",
  "Inf:/App/ied14/db906_visual_data/HPU.Pump1.State",
  "ActCon:/App/ied14/db906_visual_data/HPU.Pump1.State",
  "ActErr:/App/ied14/db906_visual_data/HPU.Pump1.State",
  "Inf:/App/ied14/db906_visual_data/HPU.Pump2.State",
  "ActCon:/App/ied14/db906_visual_data/HPU.Pump2.State",
  "ActErr:/App/ied14/db906_visual_data/HPU.Pump2.State",
  "Inf:/App/ied14/db906_visual_data/Hook.Speed",
  "ActCon:/App/ied14/db906_visual_data/Hook.Speed",
  "ActErr:/App/ied14/db906_visual_data/Hook.Speed",
  "Inf:/App/ied14/db906_visual_data/Hook.X",
  "ActCon:/App/ied14/db906_visual_data/Hook.X",
  "ActErr:/App/ied14/db906_visual_data/Hook.X",
  "Inf:/App/ied14/db906_visual_data/Hook.Y",
  "ActCon:/App/ied14/db906_visual_data/Hook.Y",
  "ActErr:/App/ied14/db906_visual_data/Hook.Y",
  "Inf:/App/ied14/db906_visual_data/Winch1.Load",
  "ActCon:/App/ied14/db906_visual_data/Winch1.Load",
  "ActErr:/App/ied14/db906_visual_data/Winch1.Load",
  "Inf:/App/ied14/db906_visual_data/Winch1.SWL",
  "ActCon:/App/ied14/db906_visual_data/Winch1.SWL",
  "ActErr:/App/ied14/db906_visual_data/Winch1.SWL",
  "Inf:/App/ied14/db906_visual_data/Winch1.SWL0",
  "ActCon:/App/ied14/db906_visual_data/Winch1.SWL0",
  "ActErr:/App/ied14/db906_visual_data/Winch1.SWL0",
  "Inf:/App/ied14/db906_visual_data/Winch2.Load",
  "ActCon:/App/ied14/db906_visual_data/Winch2.Load",
  "ActErr:/App/ied14/db906_visual_data/Winch2.Load",
  "Inf:/App/ied14/db906_visual_data/Winch2.SWL",
  "ActCon:/App/ied14/db906_visual_data/Winch2.SWL",
  "ActErr:/App/ied14/db906_visual_data/Winch2.SWL",
  "Inf:/App/ied14/db906_visual_data/Winch2.SWL0",
  "ActCon:/App/ied14/db906_visual_data/Winch2.SWL0",
  "ActErr:/App/ied14/db906_visual_data/Winch2.SWL0",
  "Inf:/App/ied14/db906_visual_data/Winch3.Load",
  "ActCon:/App/ied14/db906_visual_data/Winch3.Load",
  "ActErr:/App/ied14/db906_visual_data/Winch3.Load",
  "Inf:/App/ied14/db906_visual_data/Winch3.SWL",
  "ActCon:/App/ied14/db906_visual_data/Winch3.SWL",
  "ActErr:/App/ied14/db906_visual_data/Winch3.SWL",
  "Inf:/App/ied14/db906_visual_data/Winch3.SWL0",
  "ActCon:/App/ied14/db906_visual_data/Winch3.SWL0",
  "ActErr:/App/ied14/db906_visual_data/Winch3.SWL0"
]